{"/home/travis/build/npmtest/node-npmtest-power-assert/test.js":{"path":"/home/travis/build/npmtest/node-npmtest-power-assert/test.js","s":{"1":2,"2":2,"3":2,"4":2,"5":2,"6":2,"7":2,"8":1,"9":2,"10":2,"11":1,"12":1,"13":1,"14":1,"15":2,"16":2,"17":2,"18":2,"19":1,"20":1,"21":2,"22":2,"23":2,"24":1,"25":1,"26":1,"27":1,"28":1,"29":1,"30":1,"31":1,"32":1,"33":1,"34":1,"35":1,"36":1,"37":2,"38":2,"39":1,"40":2,"41":2,"42":1,"43":2,"44":2,"45":1,"46":2,"47":2,"48":1,"49":1,"50":1,"51":1,"52":1},"b":{"1":[2,1,1,1],"2":[1,1,1,1],"3":[1,1],"4":[1,1],"5":[1,1],"6":[1,1],"7":[1,1],"8":[1,1],"9":[1,1,1],"10":[1,1],"11":[1,1],"12":[1,1],"13":[1,1],"14":[1,1],"15":[1,1],"16":[1,1]},"f":{"1":2,"2":2,"3":2,"4":2,"5":2,"6":1,"7":1,"8":2,"9":2,"10":2,"11":2,"12":1},"fnMap":{"1":{"name":"(anonymous_1)","line":12,"loc":{"start":{"line":12,"column":1},"end":{"line":12,"column":13}}},"2":{"name":"(anonymous_2)","line":19,"loc":{"start":{"line":19,"column":5},"end":{"line":19,"column":17}}},"3":{"name":"(anonymous_3)","line":23,"loc":{"start":{"line":23,"column":24},"end":{"line":23,"column":36}}},"4":{"name":"(anonymous_4)","line":61,"loc":{"start":{"line":61,"column":5},"end":{"line":61,"column":17}}},"5":{"name":"(anonymous_5)","line":82,"loc":{"start":{"line":82,"column":5},"end":{"line":82,"column":17}}},"6":{"name":"(anonymous_6)","line":102,"loc":{"start":{"line":102,"column":83},"end":{"line":105,"column":10}},"skip":true},"7":{"name":"(anonymous_7)","line":113,"loc":{"start":{"line":113,"column":77},"end":{"line":116,"column":10}},"skip":true},"8":{"name":"(anonymous_8)","line":129,"loc":{"start":{"line":129,"column":12},"end":{"line":129,"column":40}},"skip":true},"9":{"name":"(anonymous_9)","line":137,"loc":{"start":{"line":137,"column":77},"end":{"line":140,"column":10}},"skip":true},"10":{"name":"(anonymous_10)","line":148,"loc":{"start":{"line":148,"column":83},"end":{"line":151,"column":10}},"skip":true},"11":{"name":"(anonymous_11)","line":159,"loc":{"start":{"line":159,"column":79},"end":{"line":162,"column":10}},"skip":true},"12":{"name":"(anonymous_12)","line":170,"loc":{"start":{"line":170,"column":75},"end":{"line":173,"column":10}},"skip":true}},"statementMap":{"1":{"start":{"line":12,"column":0},"end":{"line":185,"column":5}},"2":{"start":{"line":14,"column":4},"end":{"line":14,"column":14}},"3":{"start":{"line":19,"column":4},"end":{"line":56,"column":9}},"4":{"start":{"line":21,"column":8},"end":{"line":21,"column":19}},"5":{"start":{"line":23,"column":8},"end":{"line":35,"column":13}},"6":{"start":{"line":24,"column":12},"end":{"line":34,"column":13}},"7":{"start":{"line":25,"column":16},"end":{"line":28,"column":30}},"8":{"start":{"line":30,"column":16},"end":{"line":33,"column":27}},"9":{"start":{"line":37,"column":8},"end":{"line":39,"column":21}},"10":{"start":{"line":40,"column":8},"end":{"line":53,"column":9}},"11":{"start":{"line":43,"column":12},"end":{"line":46,"column":14}},"12":{"start":{"line":47,"column":12},"end":{"line":47,"column":18}},"13":{"start":{"line":50,"column":12},"end":{"line":51,"column":46}},"14":{"start":{"line":52,"column":12},"end":{"line":52,"column":18}},"15":{"start":{"line":55,"column":8},"end":{"line":55,"column":35}},"16":{"start":{"line":61,"column":4},"end":{"line":63,"column":9}},"17":{"start":{"line":62,"column":8},"end":{"line":62,"column":15}},"18":{"start":{"line":64,"column":4},"end":{"line":77,"column":5}},"19":{"start":{"line":70,"column":8},"end":{"line":70,"column":14}},"20":{"start":{"line":76,"column":8},"end":{"line":76,"column":14}},"21":{"start":{"line":82,"column":4},"end":{"line":84,"column":9}},"22":{"start":{"line":83,"column":8},"end":{"line":83,"column":15}},"23":{"start":{"line":85,"column":4},"end":{"line":184,"column":5}},"24":{"start":{"line":92,"column":8},"end":{"line":94,"column":63}},"25":{"start":{"line":95,"column":8},"end":{"line":95,"column":14}},"26":{"start":{"line":102,"column":8},"end":{"line":111,"column":10},"skip":true},"27":{"start":{"line":109,"column":12},"end":{"line":109,"column":55},"skip":true},"28":{"start":{"line":110,"column":12},"end":{"line":110,"column":48},"skip":true},"29":{"start":{"line":113,"column":8},"end":{"line":126,"column":10},"skip":true},"30":{"start":{"line":120,"column":12},"end":{"line":120,"column":76},"skip":true},"31":{"start":{"line":121,"column":12},"end":{"line":121,"column":73},"skip":true},"32":{"start":{"line":122,"column":12},"end":{"line":122,"column":74},"skip":true},"33":{"start":{"line":123,"column":12},"end":{"line":123,"column":79},"skip":true},"34":{"start":{"line":124,"column":12},"end":{"line":124,"column":25},"skip":true},"35":{"start":{"line":125,"column":12},"end":{"line":125,"column":45},"skip":true},"36":{"start":{"line":128,"column":8},"end":{"line":135,"column":14},"skip":true},"37":{"start":{"line":133,"column":16},"end":{"line":133,"column":29},"skip":true},"38":{"start":{"line":134,"column":16},"end":{"line":134,"column":55},"skip":true},"39":{"start":{"line":137,"column":8},"end":{"line":146,"column":10},"skip":true},"40":{"start":{"line":144,"column":12},"end":{"line":144,"column":25},"skip":true},"41":{"start":{"line":145,"column":12},"end":{"line":145,"column":45},"skip":true},"42":{"start":{"line":148,"column":8},"end":{"line":157,"column":10},"skip":true},"43":{"start":{"line":155,"column":12},"end":{"line":155,"column":25},"skip":true},"44":{"start":{"line":156,"column":12},"end":{"line":156,"column":48},"skip":true},"45":{"start":{"line":159,"column":8},"end":{"line":168,"column":10},"skip":true},"46":{"start":{"line":166,"column":12},"end":{"line":166,"column":25},"skip":true},"47":{"start":{"line":167,"column":12},"end":{"line":167,"column":46},"skip":true},"48":{"start":{"line":170,"column":8},"end":{"line":179,"column":10},"skip":true},"49":{"start":{"line":177,"column":12},"end":{"line":177,"column":94},"skip":true},"50":{"start":{"line":178,"column":12},"end":{"line":178,"column":48},"skip":true},"51":{"start":{"line":182,"column":8},"end":{"line":182,"column":35},"skip":true},"52":{"start":{"line":183,"column":8},"end":{"line":183,"column":14},"skip":true}},"branchMap":{"1":{"line":25,"type":"binary-expr","locations":[{"start":{"line":25,"column":23},"end":{"line":25,"column":62}},{"start":{"line":26,"column":20},"end":{"line":26,"column":70}},{"start":{"line":27,"column":20},"end":{"line":27,"column":71}},{"start":{"line":28,"column":20},"end":{"line":28,"column":29}}]},"2":{"line":30,"type":"binary-expr","locations":[{"start":{"line":30,"column":23},"end":{"line":30,"column":37}},{"start":{"line":31,"column":20},"end":{"line":31,"column":61}},{"start":{"line":32,"column":20},"end":{"line":32,"column":70}},{"start":{"line":33,"column":20},"end":{"line":33,"column":26}}]},"3":{"line":37,"type":"cond-expr","locations":[{"start":{"line":38,"column":14},"end":{"line":38,"column":20}},{"start":{"line":39,"column":14},"end":{"line":39,"column":20}}]},"4":{"line":40,"type":"switch","locations":[{"start":{"line":42,"column":8},"end":{"line":47,"column":18}},{"start":{"line":49,"column":8},"end":{"line":52,"column":18}}]},"5":{"line":44,"type":"binary-expr","locations":[{"start":{"line":44,"column":16},"end":{"line":44,"column":44}},{"start":{"line":44,"column":48},"end":{"line":44,"column":66}}]},"6":{"line":50,"type":"binary-expr","locations":[{"start":{"line":50,"column":21},"end":{"line":50,"column":49}},{"start":{"line":50,"column":53},"end":{"line":50,"column":72}}]},"7":{"line":64,"type":"switch","locations":[{"start":{"line":69,"column":4},"end":{"line":70,"column":14}},{"start":{"line":75,"column":4},"end":{"line":76,"column":14}}]},"8":{"line":85,"type":"switch","locations":[{"start":{"line":90,"column":4},"end":{"line":95,"column":14}},{"start":{"line":101,"column":4},"end":{"line":183,"column":14},"skip":true}]},"9":{"line":92,"type":"binary-expr","locations":[{"start":{"line":92,"column":18},"end":{"line":92,"column":32}},{"start":{"line":93,"column":12},"end":{"line":93,"column":53}},{"start":{"line":94,"column":12},"end":{"line":94,"column":61}}]},"10":{"line":102,"type":"binary-expr","locations":[{"start":{"line":102,"column":45},"end":{"line":102,"column":79},"skip":true},{"start":{"line":102,"column":83},"end":{"line":111,"column":9},"skip":true}]},"11":{"line":113,"type":"binary-expr","locations":[{"start":{"line":113,"column":42},"end":{"line":113,"column":73},"skip":true},{"start":{"line":113,"column":77},"end":{"line":126,"column":9},"skip":true}]},"12":{"line":128,"type":"binary-expr","locations":[{"start":{"line":128,"column":48},"end":{"line":128,"column":85},"skip":true},{"start":{"line":129,"column":12},"end":{"line":135,"column":13},"skip":true}]},"13":{"line":137,"type":"binary-expr","locations":[{"start":{"line":137,"column":42},"end":{"line":137,"column":73},"skip":true},{"start":{"line":137,"column":77},"end":{"line":146,"column":9},"skip":true}]},"14":{"line":148,"type":"binary-expr","locations":[{"start":{"line":148,"column":45},"end":{"line":148,"column":79},"skip":true},{"start":{"line":148,"column":83},"end":{"line":157,"column":9},"skip":true}]},"15":{"line":159,"type":"binary-expr","locations":[{"start":{"line":159,"column":43},"end":{"line":159,"column":75},"skip":true},{"start":{"line":159,"column":79},"end":{"line":168,"column":9},"skip":true}]},"16":{"line":170,"type":"binary-expr","locations":[{"start":{"line":170,"column":41},"end":{"line":170,"column":71},"skip":true},{"start":{"line":170,"column":75},"end":{"line":179,"column":9},"skip":true}]}},"code":["/* istanbul instrument in package npmtest_power_assert */","/*jslint","    bitwise: true,","    browser: true,","    maxerr: 8,","    maxlen: 96,","    node: true,","    nomen: true,","    regexp: true,","    stupid: true","*/","(function () {","    'use strict';","    var local;","","","","    // run shared js-env code - pre-init","    (function () {","        // init local","        local = {};","        // init modeJs","        local.modeJs = (function () {","            try {","                return typeof navigator.userAgent === 'string' &&","                    typeof document.querySelector('body') === 'object' &&","                    typeof XMLHttpRequest.prototype.open === 'function' &&","                    'browser';","            } catch (errorCaughtBrowser) {","                return module.exports &&","                    typeof process.versions.node === 'string' &&","                    typeof require('http').createServer === 'function' &&","                    'node';","            }","        }());","        // init global","        local.global = local.modeJs === 'browser'","            ? window","            : global;","        switch (local.modeJs) {","        // re-init local from window.local","        case 'browser':","            local = local.global.utility2.objectSetDefault(","                local.global.utility2_rollup || local.global.local,","                local.global.utility2","            );","            break;","        // re-init local from example.js","        case 'node':","            local = (local.global.utility2_rollup || require('utility2'))","                .requireExampleJsFromReadme();","            break;","        }","        // export local","        local.global.local = local;","    }());","","","","    // run shared js-env code - function","    (function () {","        return;","    }());","    switch (local.modeJs) {","","","","    // run browser js-env code - function","    case 'browser':","        break;","","","","    // run node js-env code - function","    case 'node':","        break;","    }","","","","    // run shared js-env code - post-init","    (function () {","        return;","    }());","    switch (local.modeJs) {","","","","    // run browser js-env code - post-init","    case 'browser':","        // run tests","        local.nop(local.modeTest &&","            document.querySelector('#testRunButton1') &&","            document.querySelector('#testRunButton1').click());","        break;","","","","    // run node js-env code - post-init","    /* istanbul ignore next */","    case 'node':","        local.testCase_buildApidoc_default = local.testCase_buildApidoc_default || function (","            options,","            onError","        ) {","        /*","         * this function will test buildApidoc's default handling-behavior-behavior","         */","            options = { modulePathList: module.paths };","            local.buildApidoc(options, onError);","        };","","        local.testCase_buildApp_default = local.testCase_buildApp_default || function (","            options,","            onError","        ) {","        /*","         * this function will test buildApp's default handling-behavior-behavior","         */","            local.testCase_buildReadme_default(options, local.onErrorThrow);","            local.testCase_buildLib_default(options, local.onErrorThrow);","            local.testCase_buildTest_default(options, local.onErrorThrow);","            local.testCase_buildCustomOrg_default(options, local.onErrorThrow);","            options = [];","            local.buildApp(options, onError);","        };","","        local.testCase_buildCustomOrg_default = local.testCase_buildCustomOrg_default ||","            function (options, onError) {","            /*","             * this function will test buildCustomOrg's default handling-behavior","             */","                options = {};","                local.buildCustomOrg(options, onError);","            };","","        local.testCase_buildLib_default = local.testCase_buildLib_default || function (","            options,","            onError","        ) {","        /*","         * this function will test buildLib's default handling-behavior","         */","            options = {};","            local.buildLib(options, onError);","        };","","        local.testCase_buildReadme_default = local.testCase_buildReadme_default || function (","            options,","            onError","        ) {","        /*","         * this function will test buildReadme's default handling-behavior-behavior","         */","            options = {};","            local.buildReadme(options, onError);","        };","","        local.testCase_buildTest_default = local.testCase_buildTest_default || function (","            options,","            onError","        ) {","        /*","         * this function will test buildTest's default handling-behavior","         */","            options = {};","            local.buildTest(options, onError);","        };","","        local.testCase_webpage_default = local.testCase_webpage_default || function (","            options,","            onError","        ) {","        /*","         * this function will test webpage's default handling-behavior","         */","            options = { modeCoverageMerge: true, url: local.serverLocalHost + '?modeTest=1' };","            local.browserTest(options, onError);","        };","","        // run test-server","        local.testRunServer(local);","        break;","    }","}());",""],"l":{"12":2,"14":2,"19":2,"21":2,"23":2,"24":2,"25":2,"30":1,"37":2,"40":2,"43":1,"47":1,"50":1,"52":1,"55":2,"61":2,"62":2,"64":2,"70":1,"76":1,"82":2,"83":2,"85":2,"92":1,"95":1,"102":1,"109":1,"110":1,"113":1,"120":1,"121":1,"122":1,"123":1,"124":1,"125":1,"128":1,"133":2,"134":2,"137":1,"144":2,"145":2,"148":1,"155":2,"156":2,"159":1,"166":2,"167":2,"170":1,"177":1,"178":1,"182":1,"183":1}},"/home/travis/build/npmtest/node-npmtest-power-assert/lib.npmtest_power_assert.js":{"path":"/home/travis/build/npmtest/node-npmtest-power-assert/lib.npmtest_power_assert.js","s":{"1":2,"2":2,"3":2,"4":2,"5":2,"6":2,"7":2,"8":1,"9":2,"10":2,"11":2,"12":2,"13":1,"14":1,"15":1,"16":1},"b":{"1":[2,1,1,1],"2":[1,1,1,1],"3":[1,1],"4":[2,2],"5":[1,1]},"f":{"1":2,"2":2,"3":2},"fnMap":{"1":{"name":"(anonymous_1)","line":12,"loc":{"start":{"line":12,"column":1},"end":{"line":12,"column":13}}},"2":{"name":"(anonymous_2)","line":19,"loc":{"start":{"line":19,"column":5},"end":{"line":19,"column":17}}},"3":{"name":"(anonymous_3)","line":23,"loc":{"start":{"line":23,"column":24},"end":{"line":23,"column":36}}}},"statementMap":{"1":{"start":{"line":12,"column":0},"end":{"line":53,"column":5}},"2":{"start":{"line":14,"column":4},"end":{"line":14,"column":14}},"3":{"start":{"line":19,"column":4},"end":{"line":52,"column":9}},"4":{"start":{"line":21,"column":8},"end":{"line":21,"column":19}},"5":{"start":{"line":23,"column":8},"end":{"line":35,"column":13}},"6":{"start":{"line":24,"column":12},"end":{"line":34,"column":13}},"7":{"start":{"line":25,"column":16},"end":{"line":28,"column":30}},"8":{"start":{"line":30,"column":16},"end":{"line":33,"column":27}},"9":{"start":{"line":37,"column":8},"end":{"line":39,"column":21}},"10":{"start":{"line":41,"column":8},"end":{"line":41,"column":54}},"11":{"start":{"line":43,"column":8},"end":{"line":43,"column":57}},"12":{"start":{"line":45,"column":8},"end":{"line":51,"column":9}},"13":{"start":{"line":46,"column":12},"end":{"line":46,"column":63}},"14":{"start":{"line":48,"column":12},"end":{"line":48,"column":35}},"15":{"start":{"line":49,"column":12},"end":{"line":49,"column":49}},"16":{"start":{"line":50,"column":12},"end":{"line":50,"column":43}}},"branchMap":{"1":{"line":25,"type":"binary-expr","locations":[{"start":{"line":25,"column":23},"end":{"line":25,"column":62}},{"start":{"line":26,"column":20},"end":{"line":26,"column":70}},{"start":{"line":27,"column":20},"end":{"line":27,"column":71}},{"start":{"line":28,"column":20},"end":{"line":28,"column":29}}]},"2":{"line":30,"type":"binary-expr","locations":[{"start":{"line":30,"column":23},"end":{"line":30,"column":37}},{"start":{"line":31,"column":20},"end":{"line":31,"column":61}},{"start":{"line":32,"column":20},"end":{"line":32,"column":70}},{"start":{"line":33,"column":20},"end":{"line":33,"column":26}}]},"3":{"line":37,"type":"cond-expr","locations":[{"start":{"line":38,"column":14},"end":{"line":38,"column":20}},{"start":{"line":39,"column":14},"end":{"line":39,"column":20}}]},"4":{"line":41,"type":"binary-expr","locations":[{"start":{"line":41,"column":16},"end":{"line":41,"column":44}},{"start":{"line":41,"column":48},"end":{"line":41,"column":53}}]},"5":{"line":45,"type":"if","locations":[{"start":{"line":45,"column":8},"end":{"line":45,"column":8}},{"start":{"line":45,"column":8},"end":{"line":45,"column":8}}]}},"code":["/* istanbul instrument in package npmtest_power_assert */","/*jslint","    bitwise: true,","    browser: true,","    maxerr: 8,","    maxlen: 96,","    node: true,","    nomen: true,","    regexp: true,","    stupid: true","*/","(function () {","    'use strict';","    var local;","","","","    // run shared js-env code - pre-init","    (function () {","        // init local","        local = {};","        // init modeJs","        local.modeJs = (function () {","            try {","                return typeof navigator.userAgent === 'string' &&","                    typeof document.querySelector('body') === 'object' &&","                    typeof XMLHttpRequest.prototype.open === 'function' &&","                    'browser';","            } catch (errorCaughtBrowser) {","                return module.exports &&","                    typeof process.versions.node === 'string' &&","                    typeof require('http').createServer === 'function' &&","                    'node';","            }","        }());","        // init global","        local.global = local.modeJs === 'browser'","            ? window","            : global;","        // init utility2_rollup","        local = local.global.utility2_rollup || local;","        // init lib","        local.local = local.npmtest_power_assert = local;","        // init exports","        if (local.modeJs === 'browser') {","            local.global.utility2_npmtest_power_assert = local;","        } else {","            module.exports = local;","            module.exports.__dirname = __dirname;","            module.exports.module = module;","        }","    }());","}());",""],"l":{"12":2,"14":2,"19":2,"21":2,"23":2,"24":2,"25":2,"30":1,"37":2,"41":2,"43":2,"45":2,"46":1,"48":1,"49":1,"50":1}},"/home/travis/build/npmtest/node-npmtest-power-assert/example.js":{"path":"/home/travis/build/npmtest/node-npmtest-power-assert/example.js","s":{"1":2,"2":2,"3":2,"4":2,"5":2,"6":2,"7":2,"8":1,"9":2,"10":2,"11":2,"12":2,"13":1,"14":2,"15":2,"16":2,"17":2,"18":2,"19":0,"20":2,"21":1,"22":1,"23":1,"24":1,"25":1,"26":0,"27":0,"28":1,"29":1,"30":2,"31":0,"32":0,"33":0,"34":1,"35":2,"36":2,"37":2,"38":2,"39":2,"40":2,"41":0,"42":2,"43":2,"44":2,"45":1,"46":3,"47":1,"48":1,"49":1,"50":1,"51":1,"52":1,"53":1,"54":1,"55":1,"56":1,"57":0,"58":1,"59":6,"60":6,"61":1,"62":2,"63":0,"64":2,"65":1,"66":1,"67":0,"68":0,"69":0,"70":0,"71":0,"72":0,"73":0,"74":0,"75":0,"76":0,"77":0,"78":0,"79":0,"80":0,"81":0,"82":0,"83":0},"b":{"1":[2,1,1,1],"2":[1,1,1,1],"3":[1,1],"4":[2,2],"5":[1,1],"6":[1,1],"7":[2,0],"8":[2,1,1,1,1,1],"9":[0,2,0],"10":[1,1],"11":[2,1,1],"12":[1,0],"13":[0,2],"14":[2,0,0,0,0,0,0],"15":[0,2],"16":[2,0],"17":[1,1],"18":[0,1],"19":[1,2,0,2],"20":[1,0],"21":[1,1],"22":[0,0],"23":[0,0],"24":[0,0],"25":[0,0],"26":[0,0],"27":[0,0],"28":[0,0]},"f":{"1":2,"2":2,"3":2,"4":2,"5":2,"6":2,"7":2,"8":2,"9":3,"10":1,"11":6,"12":0},"fnMap":{"1":{"name":"(anonymous_1)","line":26,"loc":{"start":{"line":26,"column":1},"end":{"line":26,"column":13}}},"2":{"name":"(anonymous_2)","line":33,"loc":{"start":{"line":33,"column":5},"end":{"line":33,"column":17}}},"3":{"name":"(anonymous_3)","line":37,"loc":{"start":{"line":37,"column":24},"end":{"line":37,"column":36}}},"4":{"name":"(anonymous_4)","line":69,"loc":{"start":{"line":69,"column":31},"end":{"line":69,"column":48}},"skip":true},"5":{"name":"(anonymous_5)","line":78,"loc":{"start":{"line":78,"column":26},"end":{"line":78,"column":45}},"skip":true},"6":{"name":"(anonymous_6)","line":123,"loc":{"start":{"line":123,"column":33},"end":{"line":123,"column":48}},"skip":true},"7":{"name":"(anonymous_7)","line":125,"loc":{"start":{"line":125,"column":27},"end":{"line":125,"column":39}},"skip":true},"8":{"name":"(anonymous_8)","line":133,"loc":{"start":{"line":133,"column":59},"end":{"line":133,"column":74}},"skip":true},"9":{"name":"(anonymous_9)","line":143,"loc":{"start":{"line":143,"column":45},"end":{"line":143,"column":62}},"skip":true},"10":{"name":"(anonymous_10)","line":144,"loc":{"start":{"line":144,"column":73},"end":{"line":144,"column":92}},"skip":true},"11":{"name":"(anonymous_11)","line":272,"loc":{"start":{"line":272,"column":51},"end":{"line":272,"column":77}},"skip":true},"12":{"name":"(anonymous_12)","line":314,"loc":{"start":{"line":314,"column":32},"end":{"line":314,"column":61}},"skip":true}},"statementMap":{"1":{"start":{"line":26,"column":0},"end":{"line":325,"column":5}},"2":{"start":{"line":28,"column":4},"end":{"line":28,"column":14}},"3":{"start":{"line":33,"column":4},"end":{"line":60,"column":9}},"4":{"start":{"line":35,"column":8},"end":{"line":35,"column":19}},"5":{"start":{"line":37,"column":8},"end":{"line":49,"column":13}},"6":{"start":{"line":38,"column":12},"end":{"line":48,"column":13}},"7":{"start":{"line":39,"column":16},"end":{"line":42,"column":30}},"8":{"start":{"line":44,"column":16},"end":{"line":47,"column":27}},"9":{"start":{"line":51,"column":8},"end":{"line":53,"column":21}},"10":{"start":{"line":55,"column":8},"end":{"line":57,"column":45}},"11":{"start":{"line":59,"column":8},"end":{"line":59,"column":35}},"12":{"start":{"line":61,"column":4},"end":{"line":324,"column":5}},"13":{"start":{"line":69,"column":8},"end":{"line":121,"column":10},"skip":true},"14":{"start":{"line":70,"column":12},"end":{"line":88,"column":13},"skip":true},"15":{"start":{"line":76,"column":16},"end":{"line":87,"column":19},"skip":true},"16":{"start":{"line":79,"column":20},"end":{"line":86,"column":21},"skip":true},"17":{"start":{"line":82,"column":24},"end":{"line":82,"column":43},"skip":true},"18":{"start":{"line":83,"column":24},"end":{"line":83,"column":30},"skip":true},"19":{"start":{"line":85,"column":24},"end":{"line":85,"column":49},"skip":true},"20":{"start":{"line":89,"column":12},"end":{"line":107,"column":13},"skip":true},"21":{"start":{"line":92,"column":16},"end":{"line":102,"column":17},"skip":true},"22":{"start":{"line":93,"column":20},"end":{"line":93,"column":86},"skip":true},"23":{"start":{"line":94,"column":20},"end":{"line":95,"column":45},"skip":true},"24":{"start":{"line":96,"column":20},"end":{"line":96,"column":42},"skip":true},"25":{"start":{"line":97,"column":20},"end":{"line":97,"column":48},"skip":true},"26":{"start":{"line":100,"column":20},"end":{"line":100,"column":85},"skip":true},"27":{"start":{"line":101,"column":20},"end":{"line":101,"column":96},"skip":true},"28":{"start":{"line":103,"column":16},"end":{"line":103,"column":22},"skip":true},"29":{"start":{"line":106,"column":16},"end":{"line":106,"column":22},"skip":true},"30":{"start":{"line":108,"column":12},"end":{"line":120,"column":13},"skip":true},"31":{"start":{"line":114,"column":16},"end":{"line":119,"column":17},"skip":true},"32":{"start":{"line":116,"column":20},"end":{"line":116,"column":78},"skip":true},"33":{"start":{"line":118,"column":20},"end":{"line":118,"column":47},"skip":true},"34":{"start":{"line":123,"column":8},"end":{"line":141,"column":11},"skip":true},"35":{"start":{"line":124,"column":12},"end":{"line":124,"column":54},"skip":true},"36":{"start":{"line":125,"column":12},"end":{"line":140,"column":14},"skip":true},"37":{"start":{"line":126,"column":16},"end":{"line":126,"column":28},"skip":true},"38":{"start":{"line":127,"column":16},"end":{"line":127,"column":69},"skip":true},"39":{"start":{"line":128,"column":16},"end":{"line":128,"column":75},"skip":true},"40":{"start":{"line":129,"column":16},"end":{"line":131,"column":17},"skip":true},"41":{"start":{"line":130,"column":20},"end":{"line":130,"column":27},"skip":true},"42":{"start":{"line":133,"column":16},"end":{"line":137,"column":36},"skip":true},"43":{"start":{"line":134,"column":20},"end":{"line":136,"column":55},"skip":true},"44":{"start":{"line":139,"column":16},"end":{"line":139,"column":57},"skip":true},"45":{"start":{"line":143,"column":8},"end":{"line":147,"column":11},"skip":true},"46":{"start":{"line":144,"column":12},"end":{"line":146,"column":15},"skip":true},"47":{"start":{"line":145,"column":16},"end":{"line":145,"column":70},"skip":true},"48":{"start":{"line":149,"column":8},"end":{"line":149,"column":31},"skip":true},"49":{"start":{"line":150,"column":8},"end":{"line":150,"column":14},"skip":true},"50":{"start":{"line":158,"column":8},"end":{"line":158,"column":31},"skip":true},"51":{"start":{"line":160,"column":8},"end":{"line":160,"column":33},"skip":true},"52":{"start":{"line":161,"column":8},"end":{"line":161,"column":37},"skip":true},"53":{"start":{"line":162,"column":8},"end":{"line":162,"column":35},"skip":true},"54":{"start":{"line":164,"column":8},"end":{"line":164,"column":50},"skip":true},"55":{"start":{"line":166,"column":8},"end":{"line":256,"column":2},"skip":true},"56":{"start":{"line":258,"column":8},"end":{"line":286,"column":9},"skip":true},"57":{"start":{"line":259,"column":12},"end":{"line":269,"column":14},"skip":true},"58":{"start":{"line":271,"column":12},"end":{"line":285,"column":19},"skip":true},"59":{"start":{"line":274,"column":20},"end":{"line":274,"column":35},"skip":true},"60":{"start":{"line":275,"column":20},"end":{"line":284,"column":21},"skip":true},"61":{"start":{"line":277,"column":24},"end":{"line":277,"column":64},"skip":true},"62":{"start":{"line":279,"column":24},"end":{"line":279,"column":40},"skip":true},"63":{"start":{"line":281,"column":24},"end":{"line":281,"column":40},"skip":true},"64":{"start":{"line":283,"column":24},"end":{"line":283,"column":39},"skip":true},"65":{"start":{"line":288,"column":8},"end":{"line":290,"column":9},"skip":true},"66":{"start":{"line":289,"column":12},"end":{"line":289,"column":18},"skip":true},"67":{"start":{"line":291,"column":8},"end":{"line":293,"column":54},"skip":true},"68":{"start":{"line":294,"column":8},"end":{"line":301,"column":37},"skip":true},"69":{"start":{"line":302,"column":8},"end":{"line":302,"column":82},"skip":true},"70":{"start":{"line":305,"column":8},"end":{"line":307,"column":9},"skip":true},"71":{"start":{"line":306,"column":12},"end":{"line":306,"column":82},"skip":true},"72":{"start":{"line":309,"column":8},"end":{"line":311,"column":9},"skip":true},"73":{"start":{"line":310,"column":12},"end":{"line":310,"column":18},"skip":true},"74":{"start":{"line":312,"column":8},"end":{"line":312,"column":54},"skip":true},"75":{"start":{"line":313,"column":8},"end":{"line":313,"column":69},"skip":true},"76":{"start":{"line":314,"column":8},"end":{"line":322,"column":36},"skip":true},"77":{"start":{"line":315,"column":12},"end":{"line":315,"column":61},"skip":true},"78":{"start":{"line":316,"column":12},"end":{"line":319,"column":13},"skip":true},"79":{"start":{"line":317,"column":16},"end":{"line":317,"column":75},"skip":true},"80":{"start":{"line":318,"column":16},"end":{"line":318,"column":23},"skip":true},"81":{"start":{"line":320,"column":12},"end":{"line":320,"column":38},"skip":true},"82":{"start":{"line":321,"column":12},"end":{"line":321,"column":27},"skip":true},"83":{"start":{"line":323,"column":8},"end":{"line":323,"column":14},"skip":true}},"branchMap":{"1":{"line":39,"type":"binary-expr","locations":[{"start":{"line":39,"column":23},"end":{"line":39,"column":62}},{"start":{"line":40,"column":20},"end":{"line":40,"column":70}},{"start":{"line":41,"column":20},"end":{"line":41,"column":71}},{"start":{"line":42,"column":20},"end":{"line":42,"column":29}}]},"2":{"line":44,"type":"binary-expr","locations":[{"start":{"line":44,"column":23},"end":{"line":44,"column":37}},{"start":{"line":45,"column":20},"end":{"line":45,"column":61}},{"start":{"line":46,"column":20},"end":{"line":46,"column":70}},{"start":{"line":47,"column":20},"end":{"line":47,"column":26}}]},"3":{"line":51,"type":"cond-expr","locations":[{"start":{"line":52,"column":14},"end":{"line":52,"column":20}},{"start":{"line":53,"column":14},"end":{"line":53,"column":20}}]},"4":{"line":55,"type":"binary-expr","locations":[{"start":{"line":55,"column":16},"end":{"line":55,"column":44}},{"start":{"line":55,"column":49},"end":{"line":57,"column":43}}]},"5":{"line":55,"type":"cond-expr","locations":[{"start":{"line":56,"column":14},"end":{"line":56,"column":56}},{"start":{"line":57,"column":14},"end":{"line":57,"column":43}}]},"6":{"line":61,"type":"switch","locations":[{"start":{"line":68,"column":4},"end":{"line":150,"column":14},"skip":true},{"start":{"line":156,"column":4},"end":{"line":323,"column":14},"skip":true}]},"7":{"line":70,"type":"if","locations":[{"start":{"line":70,"column":12},"end":{"line":70,"column":12},"skip":true},{"start":{"line":70,"column":12},"end":{"line":70,"column":12},"skip":true}]},"8":{"line":70,"type":"binary-expr","locations":[{"start":{"line":70,"column":16},"end":{"line":70,"column":22},"skip":true},{"start":{"line":70,"column":27},"end":{"line":70,"column":32},"skip":true},{"start":{"line":71,"column":20},"end":{"line":71,"column":39},"skip":true},{"start":{"line":72,"column":20},"end":{"line":72,"column":49},"skip":true},{"start":{"line":73,"column":20},"end":{"line":73,"column":58},"skip":true},{"start":{"line":74,"column":20},"end":{"line":74,"column":69},"skip":true}]},"9":{"line":79,"type":"switch","locations":[{"start":{"line":80,"column":20},"end":{"line":80,"column":33},"skip":true},{"start":{"line":81,"column":20},"end":{"line":83,"column":30},"skip":true},{"start":{"line":84,"column":20},"end":{"line":85,"column":49},"skip":true}]},"10":{"line":89,"type":"switch","locations":[{"start":{"line":90,"column":12},"end":{"line":103,"column":22},"skip":true},{"start":{"line":105,"column":12},"end":{"line":106,"column":22},"skip":true}]},"11":{"line":89,"type":"binary-expr","locations":[{"start":{"line":89,"column":20},"end":{"line":89,"column":25},"skip":true},{"start":{"line":89,"column":29},"end":{"line":89,"column":48},"skip":true},{"start":{"line":89,"column":52},"end":{"line":89,"column":74},"skip":true}]},"12":{"line":92,"type":"if","locations":[{"start":{"line":92,"column":16},"end":{"line":92,"column":16},"skip":true},{"start":{"line":92,"column":16},"end":{"line":92,"column":16},"skip":true}]},"13":{"line":108,"type":"if","locations":[{"start":{"line":108,"column":12},"end":{"line":108,"column":12},"skip":true},{"start":{"line":108,"column":12},"end":{"line":108,"column":12},"skip":true}]},"14":{"line":108,"type":"binary-expr","locations":[{"start":{"line":108,"column":16},"end":{"line":108,"column":61},"skip":true},{"start":{"line":108,"column":66},"end":{"line":108,"column":72},"skip":true},{"start":{"line":108,"column":77},"end":{"line":108,"column":82},"skip":true},{"start":{"line":109,"column":20},"end":{"line":109,"column":39},"skip":true},{"start":{"line":110,"column":20},"end":{"line":110,"column":49},"skip":true},{"start":{"line":111,"column":20},"end":{"line":111,"column":58},"skip":true},{"start":{"line":112,"column":20},"end":{"line":112,"column":68},"skip":true}]},"15":{"line":129,"type":"if","locations":[{"start":{"line":129,"column":16},"end":{"line":129,"column":16},"skip":true},{"start":{"line":129,"column":16},"end":{"line":129,"column":16},"skip":true}]},"16":{"line":134,"type":"cond-expr","locations":[{"start":{"line":135,"column":26},"end":{"line":135,"column":29},"skip":true},{"start":{"line":136,"column":26},"end":{"line":136,"column":54},"skip":true}]},"17":{"line":164,"type":"binary-expr","locations":[{"start":{"line":164,"column":27},"end":{"line":164,"column":43},"skip":true},{"start":{"line":164,"column":47},"end":{"line":164,"column":49},"skip":true}]},"18":{"line":258,"type":"if","locations":[{"start":{"line":258,"column":8},"end":{"line":258,"column":8},"skip":true},{"start":{"line":258,"column":8},"end":{"line":258,"column":8},"skip":true}]},"19":{"line":275,"type":"switch","locations":[{"start":{"line":276,"column":20},"end":{"line":277,"column":64},"skip":true},{"start":{"line":278,"column":20},"end":{"line":279,"column":40},"skip":true},{"start":{"line":280,"column":20},"end":{"line":281,"column":40},"skip":true},{"start":{"line":282,"column":20},"end":{"line":283,"column":39},"skip":true}]},"20":{"line":288,"type":"if","locations":[{"start":{"line":288,"column":8},"end":{"line":288,"column":8},"skip":true},{"start":{"line":288,"column":8},"end":{"line":288,"column":8},"skip":true}]},"21":{"line":288,"type":"binary-expr","locations":[{"start":{"line":288,"column":12},"end":{"line":288,"column":40},"skip":true},{"start":{"line":288,"column":44},"end":{"line":288,"column":67},"skip":true}]},"22":{"line":292,"type":"binary-expr","locations":[{"start":{"line":292,"column":12},"end":{"line":292,"column":50},"skip":true},{"start":{"line":293,"column":12},"end":{"line":293,"column":53},"skip":true}]},"23":{"line":295,"type":"binary-expr","locations":[{"start":{"line":295,"column":12},"end":{"line":295,"column":70},"skip":true},{"start":{"line":296,"column":12},"end":{"line":301,"column":36},"skip":true}]},"24":{"line":302,"type":"binary-expr","locations":[{"start":{"line":302,"column":43},"end":{"line":302,"column":75},"skip":true},{"start":{"line":302,"column":79},"end":{"line":302,"column":81},"skip":true}]},"25":{"line":305,"type":"if","locations":[{"start":{"line":305,"column":8},"end":{"line":305,"column":8},"skip":true},{"start":{"line":305,"column":8},"end":{"line":305,"column":8},"skip":true}]},"26":{"line":309,"type":"if","locations":[{"start":{"line":309,"column":8},"end":{"line":309,"column":8},"skip":true},{"start":{"line":309,"column":8},"end":{"line":309,"column":8},"skip":true}]},"27":{"line":312,"type":"binary-expr","locations":[{"start":{"line":312,"column":27},"end":{"line":312,"column":43},"skip":true},{"start":{"line":312,"column":47},"end":{"line":312,"column":53},"skip":true}]},"28":{"line":316,"type":"if","locations":[{"start":{"line":316,"column":12},"end":{"line":316,"column":12},"skip":true},{"start":{"line":316,"column":12},"end":{"line":316,"column":12},"skip":true}]}},"code":["/*","example.js","","quickstart example","","instruction","    1. save this script as example.js","    2. run the shell command:","        $ npm install npmtest-power-assert && PORT=8081 node example.js","    3. play with the browser-demo on http://127.0.0.1:8081","*/","","","","/* istanbul instrument in package npmtest_power_assert */","/*jslint","    bitwise: true,","    browser: true,","    maxerr: 8,","    maxlen: 96,","    node: true,","    nomen: true,","    regexp: true,","    stupid: true","*/","(function () {","    'use strict';","    var local;","","","","    // run shared js-env code - pre-init","    (function () {","        // init local","        local = {};","        // init modeJs","        local.modeJs = (function () {","            try {","                return typeof navigator.userAgent === 'string' &&","                    typeof document.querySelector('body') === 'object' &&","                    typeof XMLHttpRequest.prototype.open === 'function' &&","                    'browser';","            } catch (errorCaughtBrowser) {","                return module.exports &&","                    typeof process.versions.node === 'string' &&","                    typeof require('http').createServer === 'function' &&","                    'node';","            }","        }());","        // init global","        local.global = local.modeJs === 'browser'","            ? window","            : global;","        // init utility2_rollup","        local = local.global.utility2_rollup || (local.modeJs === 'browser'","            ? local.global.utility2_npmtest_power_assert","            : global.utility2_moduleExports);","        // export local","        local.global.local = local;","    }());","    switch (local.modeJs) {","","","","    // post-init","    // run browser js-env code - post-init","    /* istanbul ignore next */","    case 'browser':","        local.testRunBrowser = function (event) {","            if (!event || (event &&","                    event.currentTarget &&","                    event.currentTarget.className &&","                    event.currentTarget.className.includes &&","                    event.currentTarget.className.includes('onreset'))) {","                // reset output","                Array.from(","                    document.querySelectorAll('body > .resettable')","                ).forEach(function (element) {","                    switch (element.tagName) {","                    case 'INPUT':","                    case 'TEXTAREA':","                        element.value = '';","                        break;","                    default:","                        element.textContent = '';","                    }","                });","            }","            switch (event && event.currentTarget && event.currentTarget.id) {","            case 'testRunButton1':","                // show tests","                if (document.querySelector('#testReportDiv1').style.display === 'none') {","                    document.querySelector('#testReportDiv1').style.display = 'block';","                    document.querySelector('#testRunButton1').textContent =","                        'hide internal test';","                    local.modeTest = true;","                    local.testRunDefault(local);","                // hide tests","                } else {","                    document.querySelector('#testReportDiv1').style.display = 'none';","                    document.querySelector('#testRunButton1').textContent = 'run internal test';","                }","                break;","            // custom-case","            default:","                break;","            }","            if (document.querySelector('#inputTextareaEval1') && (!event || (event &&","                    event.currentTarget &&","                    event.currentTarget.className &&","                    event.currentTarget.className.includes &&","                    event.currentTarget.className.includes('oneval')))) {","                // try to eval input-code","                try {","                    /*jslint evil: true*/","                    eval(document.querySelector('#inputTextareaEval1').value);","                } catch (errorCaught) {","                    console.error(errorCaught);","                }","            }","        };","        // log stderr and stdout to #outputTextareaStdout1","        ['error', 'log'].forEach(function (key) {","            console[key + '_original'] = console[key];","            console[key] = function () {","                var element;","                console[key + '_original'].apply(console, arguments);","                element = document.querySelector('#outputTextareaStdout1');","                if (!element) {","                    return;","                }","                // append text to #outputTextareaStdout1","                element.value += Array.from(arguments).map(function (arg) {","                    return typeof arg === 'string'","                        ? arg","                        : JSON.stringify(arg, null, 4);","                }).join(' ') + '\\n';","                // scroll textarea to bottom","                element.scrollTop = element.scrollHeight;","            };","        });","        // init event-handling","        ['change', 'click', 'keyup'].forEach(function (event) {","            Array.from(document.querySelectorAll('.on' + event)).forEach(function (element) {","                element.addEventListener(event, local.testRunBrowser);","            });","        });","        // run tests","        local.testRunBrowser();","        break;","","","","    // run node js-env code - post-init","    /* istanbul ignore next */","    case 'node':","        // export local","        module.exports = local;","        // require modules","        local.fs = require('fs');","        local.http = require('http');","        local.url = require('url');","        // init assets","        local.assetsDict = local.assetsDict || {};","        /* jslint-ignore-begin */","        local.assetsDict['/assets.index.template.html'] = '\\","<!doctype html>\\n\\","<html lang=\"en\">\\n\\","<head>\\n\\","<meta charset=\"UTF-8\">\\n\\","<meta name=\"viewport\" content=\"width=device-width, initial-scale=1\">\\n\\","<title>{{env.npm_package_name}} (v{{env.npm_package_version}})</title>\\n\\","<style>\\n\\","/*csslint\\n\\","    box-sizing: false,\\n\\","    universal-selector: false\\n\\","*/\\n\\","* {\\n\\","    box-sizing: border-box;\\n\\","}\\n\\","body {\\n\\","    background: #dde;\\n\\","    font-family: Arial, Helvetica, sans-serif;\\n\\","    margin: 2rem;\\n\\","}\\n\\","body > * {\\n\\","    margin-bottom: 1rem;\\n\\","}\\n\\",".utility2FooterDiv {\\n\\","    margin-top: 20px;\\n\\","    text-align: center;\\n\\","}\\n\\","</style>\\n\\","<style>\\n\\","/*csslint\\n\\","*/\\n\\","textarea {\\n\\","    font-family: monospace;\\n\\","    height: 10rem;\\n\\","    width: 100%;\\n\\","}\\n\\","textarea[readonly] {\\n\\","    background: #ddd;\\n\\","}\\n\\","</style>\\n\\","</head>\\n\\","<body>\\n\\","<!-- utility2-comment\\n\\","<div id=\"ajaxProgressDiv1\" style=\"background: #d00; height: 2px; left: 0; margin: 0; padding: 0; position: fixed; top: 0; transition: background 0.5s, width 1.5s; width: 25%;\"></div>\\n\\","utility2-comment -->\\n\\","<h1>\\n\\","<!-- utility2-comment\\n\\","    <a\\n\\","        {{#if env.npm_package_homepage}}\\n\\","        href=\"{{env.npm_package_homepage}}\"\\n\\","        {{/if env.npm_package_homepage}}\\n\\","        target=\"_blank\"\\n\\","    >\\n\\","utility2-comment -->\\n\\","        {{env.npm_package_name}} (v{{env.npm_package_version}})\\n\\","<!-- utility2-comment\\n\\","    </a>\\n\\","utility2-comment -->\\n\\","</h1>\\n\\","<h3>{{env.npm_package_description}}</h3>\\n\\","<!-- utility2-comment\\n\\","<h4><a download href=\"assets.app.js\">download standalone app</a></h4>\\n\\","<button class=\"onclick onreset\" id=\"testRunButton1\">run internal test</button><br>\\n\\","<div id=\"testReportDiv1\" style=\"display: none;\"></div>\\n\\","utility2-comment -->\\n\\","\\n\\","\\n\\","\\n\\","<label>stderr and stdout</label>\\n\\","<textarea class=\"resettable\" id=\"outputTextareaStdout1\" readonly></textarea>\\n\\","<!-- utility2-comment\\n\\","{{#if isRollup}}\\n\\","<script src=\"assets.app.js\"></script>\\n\\","{{#unless isRollup}}\\n\\","utility2-comment -->\\n\\","<script src=\"assets.utility2.rollup.js\"></script>\\n\\","<script src=\"jsonp.utility2._stateInit?callback=window.utility2._stateInit\"></script>\\n\\","<script src=\"assets.npmtest_power_assert.rollup.js\"></script>\\n\\","<script src=\"assets.example.js\"></script>\\n\\","<script src=\"assets.test.js\"></script>\\n\\","<!-- utility2-comment\\n\\","{{/if isRollup}}\\n\\","utility2-comment -->\\n\\","<div class=\"utility2FooterDiv\">\\n\\","    [ this app was created with\\n\\","    <a href=\"https://github.com/kaizhu256/node-utility2\" target=\"_blank\">utility2</a>\\n\\","    ]\\n\\","</div>\\n\\","</body>\\n\\","</html>\\n\\","';","        /* jslint-ignore-end */","        if (local.templateRender) {","            local.assetsDict['/'] = local.templateRender(","                local.assetsDict['/assets.index.template.html'],","                {","                    env: local.objectSetDefault(local.env, {","                        npm_package_description: 'the greatest app in the world!',","                        npm_package_name: 'my-app',","                        npm_package_nameAlias: 'my_app',","                        npm_package_version: '0.0.1'","                    })","                }","            );","        } else {","            local.assetsDict['/'] = local.assetsDict['/assets.index.template.html']","                .replace((/\\{\\{env\\.(\\w+?)\\}\\}/g), function (match0, match1) {","                    // jslint-hack","                    String(match0);","                    switch (match1) {","                    case 'npm_package_description':","                        return 'the greatest app in the world!';","                    case 'npm_package_name':","                        return 'my-app';","                    case 'npm_package_nameAlias':","                        return 'my_app';","                    case 'npm_package_version':","                        return '0.0.1';","                    }","                });","        }","        // run the cli","        if (local.global.utility2_rollup || module !== require.main) {","            break;","        }","        local.assetsDict['/assets.example.js'] =","            local.assetsDict['/assets.example.js'] ||","            local.fs.readFileSync(__filename, 'utf8');","        local.assetsDict['/assets.npmtest_power_assert.rollup.js'] =","            local.assetsDict['/assets.npmtest_power_assert.rollup.js'] ||","            local.fs.readFileSync(","                // buildCustomOrg-hack","                local.npmtest_power_assert.__dirname +","                    '/lib.npmtest_power_assert.js',","                'utf8'","            ).replace((/^#!/), '//');","        local.assetsDict['/favicon.ico'] = local.assetsDict['/favicon.ico'] || '';","        // if $npm_config_timeout_exit exists,","        // then exit this process after $npm_config_timeout_exit ms","        if (Number(process.env.npm_config_timeout_exit)) {","            setTimeout(process.exit, Number(process.env.npm_config_timeout_exit));","        }","        // start server","        if (local.global.utility2_serverHttp1) {","            break;","        }","        process.env.PORT = process.env.PORT || '8081';","        console.error('server starting on port ' + process.env.PORT);","        local.http.createServer(function (request, response) {","            request.urlParsed = local.url.parse(request.url);","            if (local.assetsDict[request.urlParsed.pathname] !== undefined) {","                response.end(local.assetsDict[request.urlParsed.pathname]);","                return;","            }","            response.statusCode = 404;","            response.end();","        }).listen(process.env.PORT);","        break;","    }","}());",""],"l":{"26":2,"28":2,"33":2,"35":2,"37":2,"38":2,"39":2,"44":1,"51":2,"55":2,"59":2,"61":2,"69":1,"70":2,"76":2,"79":2,"82":2,"83":2,"85":1,"89":2,"92":1,"93":1,"94":1,"96":1,"97":1,"100":1,"101":1,"103":1,"106":1,"108":2,"114":1,"116":1,"118":1,"123":1,"124":2,"125":2,"126":2,"127":2,"128":2,"129":2,"130":1,"133":2,"134":2,"139":2,"143":1,"144":3,"145":1,"149":1,"150":1,"158":1,"160":1,"161":1,"162":1,"164":1,"166":1,"258":1,"259":1,"271":1,"274":6,"275":6,"277":1,"279":2,"281":1,"283":2,"288":1,"289":1,"291":1,"294":1,"302":1,"305":1,"306":1,"309":1,"310":1,"312":1,"313":1,"314":1,"315":1,"316":1,"317":1,"318":1,"320":1,"321":1,"323":1}},"/home/travis/build/npmtest/node-npmtest-power-assert/node_modules/power-assert/index.js":{"path":"/home/travis/build/npmtest/node-npmtest-power-assert/node_modules/power-assert/index.js","s":{"1":1,"2":1,"3":1,"4":1,"5":1,"6":1,"7":1,"8":1,"9":0,"10":0,"11":0,"12":1,"13":0,"14":0,"15":0,"16":1,"17":1,"18":1,"19":1,"20":1,"21":1,"22":1,"23":1,"24":1},"b":{"1":[0,1],"2":[0,0],"3":[0,1],"4":[0,0],"5":[1,1]},"f":{"1":0,"2":0,"3":1},"fnMap":{"1":{"name":"deepStrictEqual","line":24,"loc":{"start":{"line":24,"column":33},"end":{"line":24,"column":86}}},"2":{"name":"notDeepStrictEqual","line":31,"loc":{"start":{"line":31,"column":36},"end":{"line":31,"column":92}}},"3":{"name":"customize","line":38,"loc":{"start":{"line":38,"column":0},"end":{"line":38,"column":35}}}},"statementMap":{"1":{"start":{"line":12,"column":0},"end":{"line":12,"column":35}},"2":{"start":{"line":13,"column":0},"end":{"line":13,"column":56}},"3":{"start":{"line":14,"column":0},"end":{"line":14,"column":33}},"4":{"start":{"line":15,"column":0},"end":{"line":15,"column":50}},"5":{"start":{"line":16,"column":0},"end":{"line":16,"column":30}},"6":{"start":{"line":17,"column":0},"end":{"line":17,"column":42}},"7":{"start":{"line":18,"column":0},"end":{"line":21,"column":2}},"8":{"start":{"line":23,"column":0},"end":{"line":29,"column":1}},"9":{"start":{"line":24,"column":4},"end":{"line":28,"column":6}},"10":{"start":{"line":25,"column":8},"end":{"line":27,"column":9}},"11":{"start":{"line":26,"column":12},"end":{"line":26,"column":74}},"12":{"start":{"line":30,"column":0},"end":{"line":36,"column":1}},"13":{"start":{"line":31,"column":4},"end":{"line":35,"column":6}},"14":{"start":{"line":32,"column":8},"end":{"line":34,"column":9}},"15":{"start":{"line":33,"column":12},"end":{"line":33,"column":77}},"16":{"start":{"line":38,"column":0},"end":{"line":47,"column":1}},"17":{"start":{"line":39,"column":4},"end":{"line":39,"column":38}},"18":{"start":{"line":40,"column":4},"end":{"line":44,"column":6}},"19":{"start":{"line":45,"column":4},"end":{"line":45,"column":40}},"20":{"start":{"line":46,"column":4},"end":{"line":46,"column":25}},"21":{"start":{"line":49,"column":0},"end":{"line":49,"column":32}},"22":{"start":{"line":50,"column":0},"end":{"line":50,"column":46}},"23":{"start":{"line":51,"column":0},"end":{"line":51,"column":41}},"24":{"start":{"line":52,"column":0},"end":{"line":52,"column":31}}},"branchMap":{"1":{"line":23,"type":"if","locations":[{"start":{"line":23,"column":0},"end":{"line":23,"column":0}},{"start":{"line":23,"column":0},"end":{"line":23,"column":0}}]},"2":{"line":25,"type":"if","locations":[{"start":{"line":25,"column":8},"end":{"line":25,"column":8}},{"start":{"line":25,"column":8},"end":{"line":25,"column":8}}]},"3":{"line":30,"type":"if","locations":[{"start":{"line":30,"column":0},"end":{"line":30,"column":0}},{"start":{"line":30,"column":0},"end":{"line":30,"column":0}}]},"4":{"line":32,"type":"if","locations":[{"start":{"line":32,"column":8},"end":{"line":32,"column":8}},{"start":{"line":32,"column":8},"end":{"line":32,"column":8}}]},"5":{"line":39,"type":"binary-expr","locations":[{"start":{"line":39,"column":18},"end":{"line":39,"column":31}},{"start":{"line":39,"column":35},"end":{"line":39,"column":37}}]}},"code":["/**"," * power-assert.js - Power Assert in JavaScript."," *"," * https://github.com/power-assert-js/power-assert"," *"," * Copyright (c) 2013-2016 Takuto Wada"," * Licensed under the MIT license."," *   https://github.com/power-assert-js/power-assert/blob/master/MIT-LICENSE.txt"," */","'use strict';","","var baseAssert = require('assert');","var _deepEqual = require('universal-deep-strict-equal');","var empower = require('empower');","var formatter = require('power-assert-formatter');","var extend = require('xtend');","var define = require('define-properties');","var empowerOptions = {","    modifyMessageOnRethrow: true,","    saveContextOnRethrow: true","};","","if (typeof baseAssert.deepStrictEqual !== 'function') {","    baseAssert.deepStrictEqual = function deepStrictEqual (actual, expected, message) {","        if (!_deepEqual(actual, expected, true)) {","            baseAssert.fail(actual, expected, message, 'deepStrictEqual');","        }","    };","}","if (typeof baseAssert.notDeepStrictEqual !== 'function') {","    baseAssert.notDeepStrictEqual = function notDeepStrictEqual (actual, expected, message) {","        if (_deepEqual(actual, expected, true)) {","            baseAssert.fail(actual, expected, message, 'notDeepStrictEqual');","        }","    };","}","","function customize (customOptions) {","    var options = customOptions || {};","    var poweredAssert = empower(","        baseAssert,","        formatter(options.output),","        extend(empowerOptions, options.assertion)","    );","    poweredAssert.customize = customize;","    return poweredAssert;","}","","var defaultAssert = customize();","define(defaultAssert, { '__esModule': true });","defaultAssert['default'] = defaultAssert;","module.exports = defaultAssert;",""],"l":{"12":1,"13":1,"14":1,"15":1,"16":1,"17":1,"18":1,"23":1,"24":0,"25":0,"26":0,"30":1,"31":0,"32":0,"33":0,"38":1,"39":1,"40":1,"45":1,"46":1,"49":1,"50":1,"51":1,"52":1}},"/home/travis/build/npmtest/node-npmtest-power-assert/node_modules/power-assert-formatter/index.js":{"path":"/home/travis/build/npmtest/node-npmtest-power-assert/node_modules/power-assert-formatter/index.js","s":{"1":1},"b":{},"f":{},"fnMap":{},"statementMap":{"1":{"start":{"line":12,"column":0},"end":{"line":12,"column":41}}},"branchMap":{},"code":["/**"," * power-assert-formatter.js - Power Assert output formatter"," *"," * https://github.com/power-assert-js/power-assert-formatter"," *"," * Copyright (c) 2013-2016 Takuto Wada"," * Licensed under the MIT license."," *   https://github.com/power-assert-js/power-assert-formatter/blob/master/MIT-LICENSE.txt"," */","'use strict';","","module.exports = require('./lib/create');",""],"l":{"12":1}},"/home/travis/build/npmtest/node-npmtest-power-assert/node_modules/power-assert-formatter/lib/create.js":{"path":"/home/travis/build/npmtest/node-npmtest-power-assert/node_modules/power-assert-formatter/lib/create.js","s":{"1":1,"2":1,"3":1,"4":1,"5":1,"6":1,"7":1,"8":1,"9":1,"10":1,"11":1,"12":4,"13":4,"14":0,"15":4,"16":4,"17":4,"18":0,"19":4,"20":1,"21":1,"22":1,"23":1,"24":4,"25":1,"26":1,"27":1,"28":1},"b":{"1":[0,4],"2":[4,0],"3":[4,0]},"f":{"1":4,"2":1,"3":4},"fnMap":{"1":{"name":"toRendererClass","line":22,"loc":{"start":{"line":22,"column":0},"end":{"line":22,"column":40}}},"2":{"name":"create","line":36,"loc":{"start":{"line":36,"column":0},"end":{"line":36,"column":26}}},"3":{"name":"(anonymous_3)","line":39,"loc":{"start":{"line":39,"column":41},"end":{"line":39,"column":58}}}},"statementMap":{"1":{"start":{"line":3,"column":0},"end":{"line":3,"column":64}},"2":{"start":{"line":4,"column":0},"end":{"line":4,"column":60}},"3":{"start":{"line":5,"column":0},"end":{"line":5,"column":57}},"4":{"start":{"line":6,"column":0},"end":{"line":6,"column":67}},"5":{"start":{"line":7,"column":0},"end":{"line":7,"column":63}},"6":{"start":{"line":8,"column":0},"end":{"line":8,"column":69}},"7":{"start":{"line":9,"column":0},"end":{"line":9,"column":50}},"8":{"start":{"line":10,"column":0},"end":{"line":10,"column":57}},"9":{"start":{"line":11,"column":0},"end":{"line":11,"column":50}},"10":{"start":{"line":15,"column":0},"end":{"line":20,"column":2}},"11":{"start":{"line":22,"column":0},"end":{"line":34,"column":1}},"12":{"start":{"line":23,"column":4},"end":{"line":23,"column":22}},"13":{"start":{"line":24,"column":4},"end":{"line":32,"column":5}},"14":{"start":{"line":25,"column":8},"end":{"line":25,"column":37}},"15":{"start":{"line":26,"column":11},"end":{"line":32,"column":5}},"16":{"start":{"line":27,"column":8},"end":{"line":31,"column":9}},"17":{"start":{"line":28,"column":12},"end":{"line":28,"column":65}},"18":{"start":{"line":30,"column":12},"end":{"line":30,"column":50}},"19":{"start":{"line":33,"column":4},"end":{"line":33,"column":25}},"20":{"start":{"line":36,"column":0},"end":{"line":49,"column":1}},"21":{"start":{"line":37,"column":4},"end":{"line":37,"column":51}},"22":{"start":{"line":38,"column":4},"end":{"line":38,"column":65}},"23":{"start":{"line":39,"column":4},"end":{"line":41,"column":7}},"24":{"start":{"line":40,"column":8},"end":{"line":40,"column":48}},"25":{"start":{"line":42,"column":4},"end":{"line":48,"column":8}},"26":{"start":{"line":51,"column":0},"end":{"line":56,"column":2}},"27":{"start":{"line":57,"column":0},"end":{"line":57,"column":39}},"28":{"start":{"line":58,"column":0},"end":{"line":58,"column":24}}},"branchMap":{"1":{"line":24,"type":"if","locations":[{"start":{"line":24,"column":4},"end":{"line":24,"column":4}},{"start":{"line":24,"column":4},"end":{"line":24,"column":4}}]},"2":{"line":26,"type":"if","locations":[{"start":{"line":26,"column":11},"end":{"line":26,"column":11}},{"start":{"line":26,"column":11},"end":{"line":26,"column":11}}]},"3":{"line":27,"type":"if","locations":[{"start":{"line":27,"column":8},"end":{"line":27,"column":8}},{"start":{"line":27,"column":8},"end":{"line":27,"column":8}}]}},"code":["'use strict';","","var createFormatter = require('power-assert-context-formatter');","var appendAst = require('power-assert-context-reducer-ast');","var FileRenderer = require('power-assert-renderer-file');","var AssertionRenderer = require('power-assert-renderer-assertion');","var DiagramRenderer = require('power-assert-renderer-diagram');","var ComparisonRenderer = require('power-assert-renderer-comparison');","var defaultOptions = require('./default-options');","var assign = require('core-js/library/fn/object/assign');","var map = require('core-js/library/fn/array/map');","","// \"Browserify can only analyze static requires. It is not in the scope of browserify to handle dynamic requires.\"","// https://github.com/substack/node-browserify/issues/377","var defaultRendererClasses = {","    './built-in/file': FileRenderer,","    './built-in/assertion': AssertionRenderer,","    './built-in/diagram': DiagramRenderer,","    './built-in/binary-expression': ComparisonRenderer","};","","function toRendererClass (rendererName) {","    var RendererClass;","    if (typeof rendererName === 'function') {","        RendererClass = rendererName;","    } else if (typeof rendererName === 'string') {","        if (defaultRendererClasses[rendererName]) {","            RendererClass = defaultRendererClasses[rendererName];","        } else {","            RendererClass = require(rendererName);","        }","    }","    return RendererClass;","}","","function create (options) {","    var config = assign(defaultOptions(), options);","    var rendererClasses = map(config.renderers, toRendererClass);","    var renderers = map(rendererClasses, function (clazz) {","        return { ctor: clazz, options: config };","    });","    return createFormatter(assign({}, config, {","        reducers: [","            appendAst","        ],","        renderers: renderers,","        legacy: true","    }));","}","","create.renderers = {","    AssertionRenderer: AssertionRenderer,","    FileRenderer: FileRenderer,","    DiagramRenderer: DiagramRenderer,","    BinaryExpressionRenderer: ComparisonRenderer","};","create.defaultOptions = defaultOptions;","module.exports = create;",""],"l":{"3":1,"4":1,"5":1,"6":1,"7":1,"8":1,"9":1,"10":1,"11":1,"15":1,"22":1,"23":4,"24":4,"25":0,"26":4,"27":4,"28":4,"30":0,"33":4,"36":1,"37":1,"38":1,"39":1,"40":4,"42":1,"51":1,"57":1,"58":1}},"/home/travis/build/npmtest/node-npmtest-power-assert/node_modules/power-assert-context-formatter/index.js":{"path":"/home/travis/build/npmtest/node-npmtest-power-assert/node_modules/power-assert-context-formatter/index.js","s":{"1":1},"b":{},"f":{},"fnMap":{},"statementMap":{"1":{"start":{"line":1,"column":0},"end":{"line":1,"column":51}}},"branchMap":{},"code":["module.exports = require('./lib/create-formatter');",""],"l":{"1":1}},"/home/travis/build/npmtest/node-npmtest-power-assert/node_modules/power-assert-context-formatter/lib/create-formatter.js":{"path":"/home/travis/build/npmtest/node-npmtest-power-assert/node_modules/power-assert-context-formatter/lib/create-formatter.js","s":{"1":1,"2":1,"3":1,"4":1,"5":1,"6":1,"7":1,"8":1,"9":1,"10":1,"11":1,"12":1,"13":0,"14":0,"15":0,"16":0,"17":0,"18":0,"19":0,"20":0,"21":0,"22":0,"23":0,"24":0,"25":0,"26":0,"27":0,"28":0,"29":0,"30":0,"31":0,"32":0,"33":0,"34":0,"35":0,"36":0,"37":1,"38":1},"b":{"1":[1,0],"2":[0,0],"3":[0,0],"4":[0,0],"5":[0,0]},"f":{"1":1,"2":0,"3":0},"fnMap":{"1":{"name":"createFormatter","line":17,"loc":{"start":{"line":17,"column":0},"end":{"line":17,"column":35}}},"2":{"name":"(anonymous_2)","line":23,"loc":{"start":{"line":23,"column":11},"end":{"line":23,"column":41}}},"3":{"name":"(anonymous_3)","line":24,"loc":{"start":{"line":24,"column":39},"end":{"line":24,"column":71}}}},"statementMap":{"1":{"start":{"line":3,"column":0},"end":{"line":3,"column":57}},"2":{"start":{"line":4,"column":0},"end":{"line":4,"column":65}},"3":{"start":{"line":5,"column":0},"end":{"line":5,"column":67}},"4":{"start":{"line":6,"column":0},"end":{"line":6,"column":46}},"5":{"start":{"line":7,"column":0},"end":{"line":7,"column":50}},"6":{"start":{"line":8,"column":0},"end":{"line":8,"column":56}},"7":{"start":{"line":17,"column":0},"end":{"line":55,"column":1}},"8":{"start":{"line":18,"column":4},"end":{"line":18,"column":64}},"9":{"start":{"line":19,"column":4},"end":{"line":19,"column":50}},"10":{"start":{"line":20,"column":4},"end":{"line":20,"column":52}},"11":{"start":{"line":21,"column":4},"end":{"line":21,"column":37}},"12":{"start":{"line":23,"column":4},"end":{"line":54,"column":6}},"13":{"start":{"line":24,"column":8},"end":{"line":26,"column":31}},"14":{"start":{"line":25,"column":12},"end":{"line":25,"column":40}},"15":{"start":{"line":27,"column":8},"end":{"line":27,"column":55}},"16":{"start":{"line":28,"column":8},"end":{"line":28,"column":22}},"17":{"start":{"line":29,"column":8},"end":{"line":34,"column":9}},"18":{"start":{"line":30,"column":12},"end":{"line":30,"column":60}},"19":{"start":{"line":31,"column":12},"end":{"line":31,"column":42}},"20":{"start":{"line":33,"column":12},"end":{"line":33,"column":54}},"21":{"start":{"line":35,"column":8},"end":{"line":50,"column":9}},"22":{"start":{"line":36,"column":12},"end":{"line":36,"column":30}},"23":{"start":{"line":37,"column":12},"end":{"line":37,"column":25}},"24":{"start":{"line":38,"column":12},"end":{"line":38,"column":44}},"25":{"start":{"line":39,"column":12},"end":{"line":45,"column":13}},"26":{"start":{"line":40,"column":16},"end":{"line":40,"column":44}},"27":{"start":{"line":41,"column":16},"end":{"line":41,"column":61}},"28":{"start":{"line":42,"column":19},"end":{"line":45,"column":13}},"29":{"start":{"line":43,"column":16},"end":{"line":43,"column":39}},"30":{"start":{"line":44,"column":16},"end":{"line":44,"column":47}},"31":{"start":{"line":46,"column":12},"end":{"line":46,"column":37}},"32":{"start":{"line":47,"column":12},"end":{"line":49,"column":13}},"33":{"start":{"line":48,"column":16},"end":{"line":48,"column":45}},"34":{"start":{"line":51,"column":8},"end":{"line":51,"column":29}},"35":{"start":{"line":52,"column":8},"end":{"line":52,"column":25}},"36":{"start":{"line":53,"column":8},"end":{"line":53,"column":33}},"37":{"start":{"line":57,"column":0},"end":{"line":57,"column":44}},"38":{"start":{"line":58,"column":0},"end":{"line":58,"column":33}}},"branchMap":{"1":{"line":19,"type":"binary-expr","locations":[{"start":{"line":19,"column":19},"end":{"line":19,"column":43}},{"start":{"line":19,"column":47},"end":{"line":19,"column":49}}]},"2":{"line":29,"type":"if","locations":[{"start":{"line":29,"column":8},"end":{"line":29,"column":8}},{"start":{"line":29,"column":8},"end":{"line":29,"column":8}}]},"3":{"line":39,"type":"if","locations":[{"start":{"line":39,"column":12},"end":{"line":39,"column":12}},{"start":{"line":39,"column":12},"end":{"line":39,"column":12}}]},"4":{"line":42,"type":"if","locations":[{"start":{"line":42,"column":19},"end":{"line":42,"column":19}},{"start":{"line":42,"column":19},"end":{"line":42,"column":19}}]},"5":{"line":47,"type":"if","locations":[{"start":{"line":47,"column":12},"end":{"line":47,"column":12}},{"start":{"line":47,"column":12},"end":{"line":47,"column":12}}]}},"code":["'use strict';","","var assign = require('core-js/library/fn/object/assign');","var ContextTraversal = require('power-assert-context-traversal');","var LegacyContextTraversal = require('./legacy-context-traversal');","var StringWriter = require('./string-writer');","var defaultOptions = require('./default-options');","var reduce = require('core-js/library/fn/array/reduce');","","/**"," * options.reducers [array]"," * options.renderers [array]"," * options.outputOffset [number]"," * options.lineSeparator [string]"," * options.legacy [boolean]"," */","function createFormatter (options) {","    var formatterConfig = assign({}, defaultOptions(), options);","    var reducers = formatterConfig.reducers || [];","    var rendererConfigs = formatterConfig.renderers;","    var len = rendererConfigs.length;","","    return function (powerAssertContext) {","        var context = reduce(reducers, function (prevContext, reducer) {","            return reducer(prevContext);","        }, powerAssertContext);","        var writer = new StringWriter(formatterConfig);","        var traversal;","        if (formatterConfig.legacy) {","            traversal = new LegacyContextTraversal(context);","            traversal.setWritable(writer);","        } else {","            traversal = new ContextTraversal(context);","        }","        for (var i = 0; i < len; i += 1) {","            var RendererClass;","            var renderer;","            var config = rendererConfigs[i];","            if (typeof config === 'object') {","                RendererClass = config.ctor;","                renderer = new RendererClass(config.options);","            } else if (typeof config === 'function') {","                RendererClass = config;","                renderer = new RendererClass();","            }","            renderer.init(traversal);","            if (typeof renderer.setWritable === 'function') {","                renderer.setWritable(writer);","            }","        }","        traversal.traverse();","        writer.write('');","        return writer.toString();","    };","}","","createFormatter.StringWriter = StringWriter;","module.exports = createFormatter;",""],"l":{"3":1,"4":1,"5":1,"6":1,"7":1,"8":1,"17":1,"18":1,"19":1,"20":1,"21":1,"23":1,"24":0,"25":0,"27":0,"28":0,"29":0,"30":0,"31":0,"33":0,"35":0,"36":0,"37":0,"38":0,"39":0,"40":0,"41":0,"42":0,"43":0,"44":0,"46":0,"47":0,"48":0,"51":0,"52":0,"53":0,"57":1,"58":1}},"/home/travis/build/npmtest/node-npmtest-power-assert/node_modules/power-assert-context-traversal/index.js":{"path":"/home/travis/build/npmtest/node-npmtest-power-assert/node_modules/power-assert-context-traversal/index.js","s":{"1":1},"b":{},"f":{},"fnMap":{},"statementMap":{"1":{"start":{"line":1,"column":0},"end":{"line":1,"column":52}}},"branchMap":{},"code":["module.exports = require('./lib/context-traversal');",""],"l":{"1":1}},"/home/travis/build/npmtest/node-npmtest-power-assert/node_modules/power-assert-context-traversal/lib/context-traversal.js":{"path":"/home/travis/build/npmtest/node-npmtest-power-assert/node_modules/power-assert-context-traversal/lib/context-traversal.js","s":{"1":1,"2":1,"3":1,"4":1,"5":1,"6":1,"7":1,"8":1,"9":1,"10":0,"11":0,"12":1,"13":1,"14":0,"15":0,"16":0,"17":0,"18":0,"19":0,"20":0,"21":0,"22":0,"23":0,"24":1,"25":0,"26":0,"27":1,"28":0,"29":0,"30":0,"31":0,"32":0,"33":0,"34":0,"35":0,"36":0,"37":0,"38":1,"39":0,"40":1,"41":0,"42":0,"43":1},"b":{"1":[0,0],"2":[0,0],"3":[0,0],"4":[0,0],"5":[0,0]},"f":{"1":0,"2":0,"3":0,"4":0,"5":0,"6":0,"7":0,"8":0,"9":0,"10":0,"11":0},"fnMap":{"1":{"name":"ContextTraversal","line":12,"loc":{"start":{"line":12,"column":0},"end":{"line":12,"column":47}}},"2":{"name":"(anonymous_2)","line":18,"loc":{"start":{"line":18,"column":38},"end":{"line":18,"column":50}}},"3":{"name":"(anonymous_3)","line":25,"loc":{"start":{"line":25,"column":42},"end":{"line":25,"column":70}}},"4":{"name":"(anonymous_4)","line":26,"loc":{"start":{"line":26,"column":47},"end":{"line":26,"column":65}}},"5":{"name":"parseIfJson","line":33,"loc":{"start":{"line":33,"column":0},"end":{"line":33,"column":40}}},"6":{"name":"onEachEsNode","line":39,"loc":{"start":{"line":39,"column":0},"end":{"line":39,"column":58}}},"7":{"name":"(anonymous_7)","line":40,"loc":{"start":{"line":40,"column":56},"end":{"line":40,"column":77}}},"8":{"name":"(anonymous_8)","line":47,"loc":{"start":{"line":47,"column":15},"end":{"line":47,"column":50}}},"9":{"name":"(anonymous_9)","line":53,"loc":{"start":{"line":53,"column":15},"end":{"line":53,"column":50}}},"10":{"name":"isLiteral","line":59,"loc":{"start":{"line":59,"column":0},"end":{"line":59,"column":26}}},"11":{"name":"createEsNode","line":63,"loc":{"start":{"line":63,"column":0},"end":{"line":63,"column":81}}}},"statementMap":{"1":{"start":{"line":3,"column":0},"end":{"line":3,"column":50}},"2":{"start":{"line":4,"column":0},"end":{"line":4,"column":40}},"3":{"start":{"line":5,"column":0},"end":{"line":5,"column":39}},"4":{"start":{"line":6,"column":0},"end":{"line":6,"column":59}},"5":{"start":{"line":7,"column":0},"end":{"line":7,"column":56}},"6":{"start":{"line":8,"column":0},"end":{"line":8,"column":39}},"7":{"start":{"line":9,"column":0},"end":{"line":9,"column":72}},"8":{"start":{"line":10,"column":0},"end":{"line":10,"column":57}},"9":{"start":{"line":12,"column":0},"end":{"line":15,"column":1}},"10":{"start":{"line":13,"column":4},"end":{"line":13,"column":49}},"11":{"start":{"line":14,"column":4},"end":{"line":14,"column":28}},"12":{"start":{"line":16,"column":0},"end":{"line":16,"column":41}},"13":{"start":{"line":18,"column":0},"end":{"line":31,"column":2}},"14":{"start":{"line":19,"column":4},"end":{"line":19,"column":21}},"15":{"start":{"line":20,"column":4},"end":{"line":20,"column":49}},"16":{"start":{"line":21,"column":4},"end":{"line":21,"column":31}},"17":{"start":{"line":22,"column":4},"end":{"line":22,"column":34}},"18":{"start":{"line":23,"column":4},"end":{"line":23,"column":39}},"19":{"start":{"line":24,"column":4},"end":{"line":24,"column":49}},"20":{"start":{"line":25,"column":4},"end":{"line":29,"column":7}},"21":{"start":{"line":26,"column":8},"end":{"line":28,"column":11}},"22":{"start":{"line":27,"column":12},"end":{"line":27,"column":39}},"23":{"start":{"line":30,"column":4},"end":{"line":30,"column":22}},"24":{"start":{"line":33,"column":0},"end":{"line":37,"column":1}},"25":{"start":{"line":34,"column":4},"end":{"line":36,"column":5}},"26":{"start":{"line":35,"column":8},"end":{"line":35,"column":56}},"27":{"start":{"line":39,"column":0},"end":{"line":57,"column":1}},"28":{"start":{"line":40,"column":4},"end":{"line":43,"column":11}},"29":{"start":{"line":41,"column":8},"end":{"line":41,"column":36}},"30":{"start":{"line":42,"column":8},"end":{"line":42,"column":21}},"31":{"start":{"line":44,"column":4},"end":{"line":44,"column":23}},"32":{"start":{"line":45,"column":4},"end":{"line":56,"column":7}},"33":{"start":{"line":48,"column":12},"end":{"line":48,"column":95}},"34":{"start":{"line":49,"column":12},"end":{"line":49,"column":124}},"35":{"start":{"line":50,"column":12},"end":{"line":50,"column":35}},"36":{"start":{"line":51,"column":12},"end":{"line":51,"column":29}},"37":{"start":{"line":54,"column":12},"end":{"line":54,"column":28}},"38":{"start":{"line":59,"column":0},"end":{"line":61,"column":1}},"39":{"start":{"line":60,"column":4},"end":{"line":60,"column":42}},"40":{"start":{"line":63,"column":0},"end":{"line":75,"column":1}},"41":{"start":{"line":64,"column":4},"end":{"line":64,"column":44}},"42":{"start":{"line":65,"column":4},"end":{"line":74,"column":6}},"43":{"start":{"line":77,"column":0},"end":{"line":77,"column":34}}},"branchMap":{"1":{"line":34,"type":"if","locations":[{"start":{"line":34,"column":4},"end":{"line":34,"column":4}},{"start":{"line":34,"column":4},"end":{"line":34,"column":4}}]},"2":{"line":48,"type":"cond-expr","locations":[{"start":{"line":48,"column":56},"end":{"line":48,"column":87}},{"start":{"line":48,"column":90},"end":{"line":48,"column":94}}]},"3":{"line":64,"type":"cond-expr","locations":[{"start":{"line":64,"column":24},"end":{"line":64,"column":38}},{"start":{"line":64,"column":41},"end":{"line":64,"column":43}}]},"4":{"line":68,"type":"cond-expr","locations":[{"start":{"line":68,"column":20},"end":{"line":68,"column":41}},{"start":{"line":68,"column":44},"end":{"line":68,"column":48}}]},"5":{"line":71,"type":"cond-expr","locations":[{"start":{"line":71,"column":40},"end":{"line":71,"column":57}},{"start":{"line":71,"column":60},"end":{"line":71,"column":81}}]}},"code":["'use strict';","","var EventEmitter = require('events').EventEmitter;","var inherits = require('util').inherits;","var estraverse = require('estraverse');","var forEach = require('core-js/library/fn/array/for-each');","var reduce = require('core-js/library/fn/array/reduce');","var locationOf = require('./location');","var literalPattern = /^(?:String|Numeric|Null|Boolean|RegExp)?Literal$/;","var assign = require('core-js/library/fn/object/assign');","","function ContextTraversal (powerAssertContext) {","    this.powerAssertContext = powerAssertContext;","    EventEmitter.call(this);","}","inherits(ContextTraversal, EventEmitter);","","ContextTraversal.prototype.traverse = function () {","    var _this = this;","    var source = _this.powerAssertContext.source;","    parseIfJson(source, 'ast');","    parseIfJson(source, 'tokens');","    parseIfJson(source, 'visitorKeys');","    _this.emit('start', this.powerAssertContext);","    forEach(this.powerAssertContext.args, function (capturedArgument) {","        onEachEsNode(capturedArgument, source, function (esNode) {","            _this.emit('data', esNode);","        });","    });","    _this.emit('end');","};","","function parseIfJson (source, propName) {","    if (typeof source[propName] === 'string') {","        source[propName] = JSON.parse(source[propName]);","    }","}","","function onEachEsNode(capturedArgument, source, callback) {","    var espathToValue = reduce(capturedArgument.events, function (accum, ev) {","        accum[ev.espath] = ev.value;","        return accum;","    }, {});","    var nodeStack = [];","    estraverse.traverse(source.ast, {","        keys: source.visitorKeys,","        enter: function (currentNode, parentNode) {","            var parentEsNode = (0 < nodeStack.length) ? nodeStack[nodeStack.length - 1] : null;","            var esNode = createEsNode(this.path(), currentNode, espathToValue, source.content, source.tokens, parentEsNode);","            nodeStack.push(esNode);","            callback(esNode);","        },","        leave: function (currentNode, parentNode) {","            nodeStack.pop();","        }","    });","}","","function isLiteral (node) {","    return literalPattern.test(node.type);","}","","function createEsNode (path, currentNode, espathToValue, jsCode, tokens, parent) {","    var espath = path ? path.join('/') : '';","    return {","        espath: espath,","        parent: parent,","        key: path ? path[path.length - 1] : null,","        node: currentNode,","        code: jsCode.slice(currentNode.range[0], currentNode.range[1]),","        value: isLiteral(currentNode) ? currentNode.value : espathToValue[espath],","        isCaptured: espathToValue.hasOwnProperty(espath),","        range: locationOf(currentNode, tokens)","    };","}","","module.exports = ContextTraversal;",""],"l":{"3":1,"4":1,"5":1,"6":1,"7":1,"8":1,"9":1,"10":1,"12":1,"13":0,"14":0,"16":1,"18":1,"19":0,"20":0,"21":0,"22":0,"23":0,"24":0,"25":0,"26":0,"27":0,"30":0,"33":1,"34":0,"35":0,"39":1,"40":0,"41":0,"42":0,"44":0,"45":0,"48":0,"49":0,"50":0,"51":0,"54":0,"59":1,"60":0,"63":1,"64":0,"65":0,"77":1}},"/home/travis/build/npmtest/node-npmtest-power-assert/node_modules/power-assert-context-traversal/lib/location.js":{"path":"/home/travis/build/npmtest/node-npmtest-power-assert/node_modules/power-assert-context-traversal/lib/location.js","s":{"1":1,"2":1,"3":0,"4":0,"5":0,"6":0,"7":0,"8":0,"9":0,"10":0,"11":1,"12":0,"13":0,"14":0,"15":0,"16":0,"17":0,"18":1,"19":0,"20":0,"21":1,"22":0,"23":0,"24":0,"25":0,"26":0,"27":0,"28":0,"29":0,"30":1,"31":0,"32":0,"33":0,"34":0,"35":0,"36":0,"37":1,"38":0,"39":0,"40":0,"41":0,"42":0,"43":0,"44":0,"45":1},"b":{"1":[0,0,0,0,0,0],"2":[0,0],"3":[0,0],"4":[0,0],"5":[0,0],"6":[0,0],"7":[0,0],"8":[0,0],"9":[0,0,0],"10":[0,0]},"f":{"1":0,"2":0,"3":0,"4":0,"5":0,"6":0,"7":0,"8":0},"fnMap":{"1":{"name":"locationOf","line":5,"loc":{"start":{"line":5,"column":0},"end":{"line":5,"column":41}}},"2":{"name":"propertyLocationOf","line":24,"loc":{"start":{"line":24,"column":0},"end":{"line":24,"column":54}}},"3":{"name":"infixOperatorLocationOf","line":35,"loc":{"start":{"line":35,"column":0},"end":{"line":35,"column":54}}},"4":{"name":"findLeftBracketTokenOf","line":40,"loc":{"start":{"line":40,"column":0},"end":{"line":40,"column":52}}},"5":{"name":"(anonymous_5)","line":42,"loc":{"start":{"line":42,"column":31},"end":{"line":42,"column":55}}},"6":{"name":"findOperatorTokenOf","line":55,"loc":{"start":{"line":55,"column":0},"end":{"line":55,"column":49}}},"7":{"name":"(anonymous_7)","line":58,"loc":{"start":{"line":58,"column":31},"end":{"line":58,"column":55}}},"8":{"name":"searchToken","line":68,"loc":{"start":{"line":68,"column":0},"end":{"line":68,"column":40}}}},"statementMap":{"1":{"start":{"line":3,"column":0},"end":{"line":3,"column":42}},"2":{"start":{"line":5,"column":0},"end":{"line":22,"column":1}},"3":{"start":{"line":6,"column":4},"end":{"line":20,"column":5}},"4":{"start":{"line":8,"column":8},"end":{"line":8,"column":55}},"5":{"start":{"line":10,"column":8},"end":{"line":12,"column":9}},"6":{"start":{"line":11,"column":12},"end":{"line":11,"column":66}},"7":{"start":{"line":13,"column":8},"end":{"line":13,"column":14}},"8":{"start":{"line":17,"column":8},"end":{"line":17,"column":60}},"9":{"start":{"line":19,"column":8},"end":{"line":19,"column":14}},"10":{"start":{"line":21,"column":4},"end":{"line":21,"column":29}},"11":{"start":{"line":24,"column":0},"end":{"line":32,"column":1}},"12":{"start":{"line":25,"column":4},"end":{"line":25,"column":41}},"13":{"start":{"line":26,"column":4},"end":{"line":26,"column":14}},"14":{"start":{"line":27,"column":4},"end":{"line":29,"column":5}},"15":{"start":{"line":28,"column":8},"end":{"line":28,"column":26}},"16":{
[...]
efault-options.js","s":{"1":1,"2":0},"b":{},"f":{"1":0},"fnMap":{"1":{"name":"defaultOptions","line":3,"loc":{"start":{"line":3,"column":17},"end":{"line":3,"column":44}}}},"statementMap":{"1":{"start":{"line":3,"column":0},"end":{"line":13,"column":2}},"2":{"start":{"line":4,"column":4},"end":{"line":12,"column":6}}},"branchMap":{},"code":["'use strict';","","module.exports = function defaultOptions () {","    return {","        ambiguousEastAsianCharWidth: 2,","        maxDepth: 2,","        indent: null,","        outputOffset: 2,","        anonymous: 'Object',","        circular: '#@Circular#',","        lineSeparator: '\\n'","    };","};",""],"l":{"3":1,"4":0}},"/home/travis/build/npmtest/node-npmtest-power-assert/node_modules/power-assert-renderer-comparison/index.js":{"path":"/home/travis/build/npmtest/node-npmtest-power-assert/node_modules/power-assert-renderer-comparison/index.js","s":{"1":1,"2":1,"3":1,"4":1,"5":1,"6":1,"7":1,"8":1,"9":1,"10":1,"11":1,"12":0,"13":1,"14":0,"15":0,"16":0,"17":0,"18":0,"19":0,"20":0,"21":0,"22":0,"23":1,"24":1,"25":0,"26":0,"27":0,"28":0,"29":0,"30":0,"31":0,"32":0,"33":0,"34":0,"35":1,"36":0,"37":0,"38":0,"39":0,"40":0,"41":0,"42":0,"43":0,"44":1,"45":0,"46":0,"47":0,"48":1,"49":0,"50":0,"51":0,"52":0,"53":0,"54":1,"55":0,"56":0,"57":0,"58":0,"59":1,"60":0,"61":1,"62":0,"63":1,"64":1},"b":{"1":[0,0],"2":[0,0],"3":[0,0],"4":[0,0],"5":[0,0],"6":[0,0],"7":[0,0],"8":[0,0],"9":[0,0],"10":[0,0],"11":[0,0,0,0,0,0],"12":[0,0]},"f":{"1":0,"2":0,"3":0,"4":0,"5":0,"6":0,"7":0,"8":0,"9":0,"10":0,"11":0},"fnMap":{"1":{"name":"isLiteral","line":14,"loc":{"start":{"line":14,"column":0},"end":{"line":14,"column":26}}},"2":{"name":"ComparisonRenderer","line":28,"loc":{"start":{"line":28,"column":0},"end":{"line":28,"column":37}}},"3":{"name":"(anonymous_3)","line":45,"loc":{"start":{"line":45,"column":38},"end":{"line":45,"column":56}}},"4":{"name":"(anonymous_4)","line":65,"loc":{"start":{"line":65,"column":37},"end":{"line":65,"column":49}}},"5":{"name":"(anonymous_5)","line":68,"loc":{"start":{"line":68,"column":37},"end":{"line":68,"column":55}}},"6":{"name":"(anonymous_6)","line":74,"loc":{"start":{"line":74,"column":19},"end":{"line":74,"column":35}}},"7":{"name":"(anonymous_7)","line":79,"loc":{"start":{"line":79,"column":39},"end":{"line":79,"column":55}}},"8":{"name":"(anonymous_8)","line":87,"loc":{"start":{"line":87,"column":53},"end":{"line":87,"column":69}}},"9":{"name":"(anonymous_9)","line":95,"loc":{"start":{"line":95,"column":46},"end":{"line":95,"column":62}}},"10":{"name":"isTargetBinaryExpression","line":102,"loc":{"start":{"line":102,"column":0},"end":{"line":102,"column":43}}},"11":{"name":"isStringDiffTarget","line":110,"loc":{"start":{"line":110,"column":0},"end":{"line":110,"column":34}}}},"statementMap":{"1":{"start":{"line":3,"column":0},"end":{"line":3,"column":57}},"2":{"start":{"line":4,"column":0},"end":{"line":4,"column":40}},"3":{"start":{"line":5,"column":0},"end":{"line":5,"column":36}},"4":{"start":{"line":6,"column":0},"end":{"line":6,"column":53}},"5":{"start":{"line":7,"column":0},"end":{"line":7,"column":59}},"6":{"start":{"line":8,"column":0},"end":{"line":8,"column":35}},"7":{"start":{"line":9,"column":0},"end":{"line":9,"column":41}},"8":{"start":{"line":10,"column":0},"end":{"line":10,"column":57}},"9":{"start":{"line":11,"column":0},"end":{"line":11,"column":54}},"10":{"start":{"line":12,"column":0},"end":{"line":12,"column":72}},"11":{"start":{"line":14,"column":0},"end":{"line":16,"column":1}},"12":{"start":{"line":15,"column":4},"end":{"line":15,"column":42}},"13":{"start":{"line":28,"column":0},"end":{"line":42,"column":1}},"14":{"start":{"line":29,"column":4},"end":{"line":29,"column":28}},"15":{"start":{"line":30,"column":4},"end":{"line":30,"column":55}},"16":{"start":{"line":31,"column":4},"end":{"line":35,"column":5}},"17":{"start":{"line":32,"column":8},"end":{"line":32,"column":47}},"18":{"start":{"line":34,"column":8},"end":{"line":34,"column":50}},"19":{"start":{"line":36,"column":4},"end":{"line":40,"column":5}},"20":{"start":{"line":37,"column":8},"end":{"line":37,"column":37}},"21":{"start":{"line":39,"column":8},"end":{"line":39,"column":39}},"22":{"start":{"line":41,"column":4},"end":{"line":41,"column":27}},"23":{"start":{"line":43,"column":0},"end":{"line":43,"column":43}},"24":{"start":{"line":45,"column":0},"end":{"line":63,"column":2}},"25":{"start":{"line":46,"column":4},"end":{"line":46,"column":13}},"26":{"start":{"line":47,"column":4},"end":{"line":52,"column":5}},"27":{"start":{"line":48,"column":8},"end":{"line":50,"column":9}},"28":{"start":{"line":49,"column":12},"end":{"line":49,"column":107}},"29":{"start":{"line":51,"column":8},"end":{"line":51,"column":15}},"30":{"start":{"line":53,"column":4},"end":{"line":55,"column":5}},"31":{"start":{"line":54,"column":8},"end":{"line":54,"column":103}},"32":{"start":{"line":56,"column":4},"end":{"line":62,"column":5}},"33":{"start":{"line":57,"column":8},"end":{"line":60,"column":10}},"34":{"start":{"line":61,"column":8},"end":{"line":61,"column":48}},"35":{"start":{"line":65,"column":0},"end":{"line":77,"column":2}},"36":{"start":{"line":66,"column":4},"end":{"line":66,"column":21}},"37":{"start":{"line":67,"column":4},"end":{"line":67,"column":19}},"38":{"start":{"line":68,"column":4},"end":{"line":73,"column":7}},"39":{"start":{"line":69,"column":8},"end":{"line":69,"column":46}},"40":{"start":{"line":70,"column":8},"end":{"line":72,"column":9}},"41":{"start":{"line":71,"column":12},"end":{"line":71,"column":29}},"42":{"start":{"line":74,"column":4},"end":{"line":76,"column":7}},"43":{"start":{"line":75,"column":8},"end":{"line":75,"column":28}},"44":{"start":{"line":79,"column":0},"end":{"line":85,"column":2}},"45":{"start":{"line":80,"column":4},"end":{"line":84,"column":5}},"46":{"start":{"line":81,"column":8},"end":{"line":81,"column":34}},"47":{"start":{"line":83,"column":8},"end":{"line":83,"column":41}},"48":{"start":{"line":87,"column":0},"end":{"line":93,"column":2}},"49":{"start":{"line":88,"column":4},"end":{"line":88,"column":19}},"50":{"start":{"line":89,"column":4},"end":{"line":89,"column":74}},"51":{"start":{"line":90,"column":4},"end":{"line":90,"column":57}},"52":{"start":{"line":91,"column":4},"end":{"line":91,"column":73}},"53":{"start":{"line":92,"column":4},"end":{"line":92,"column":56}},"54":{"start":{"line":95,"column":0},"end":{"line":100,"column":2}},"55":{"start":{"line":96,"column":4},"end":{"line":96,"column":19}},"56":{"start":{"line":97,"column":4},"end":{"line":97,"column":50}},"57":{"start":{"line":98,"column":4},"end":{"line":98,"column":49}},"58":{"start":{"line":99,"column":4},"end":{"line":99,"column":74}},"59":{"start":{"line":102,"column":0},"end":{"line":108,"column":1}},"60":{"start":{"line":103,"column":4},"end":{"line":107,"column":24}},"61":{"start":{"line":110,"column":0},"end":{"line":112,"column":1}},"62":{"start":{"line":111,"column":4},"end":{"line":111,"column":87}},"63":{"start":{"line":114,"column":0},"end":{"line":114,"column":33}},"64":{"start":{"line":115,"column":0},"end":{"line":115,"column":36}}},"branchMap":{"1":{"line":31,"type":"if","locations":[{"start":{"line":31,"column":4},"end":{"line":31,"column":4}},{"start":{"line":31,"column":4},"end":{"line":31,"column":4}}]},"2":{"line":36,"type":"if","locations":[{"start":{"line":36,"column":4},"end":{"line":36,"column":4}},{"start":{"line":36,"column":4},"end":{"line":36,"column":4}}]},"3":{"line":47,"type":"if","locations":[{"start":{"line":47,"column":4},"end":{"line":47,"column":4}},{"start":{"line":47,"column":4},"end":{"line":47,"column":4}}]},"4":{"line":48,"type":"if","locations":[{"start":{"line":48,"column":8},"end":{"line":48,"column":8}},{"start":{"line":48,"column":8},"end":{"line":48,"column":8}}]},"5":{"line":48,"type":"binary-expr","locations":[{"start":{"line":48,"column":12},"end":{"line":48,"column":51}},{"start":{"line":48,"column":55},"end":{"line":48,"column":77}}]},"6":{"line":53,"type":"if","locations":[{"start":{"line":53,"column":4},"end":{"line":53,"column":4}},{"start":{"line":53,"column":4},"end":{"line":53,"column":4}}]},"7":{"line":56,"type":"if","locations":[{"start":{"line":56,"column":4},"end":{"line":56,"column":4}},{"start":{"line":56,"column":4},"end":{"line":56,"column":4}}]},"8":{"line":70,"type":"if","locations":[{"start":{"line":70,"column":8},"end":{"line":70,"column":8}},{"start":{"line":70,"column":8},"end":{"line":70,"column":8}}]},"9":{"line":70,"type":"binary-expr","locations":[{"start":{"line":70,"column":12},"end":{"line":70,"column":21}},{"start":{"line":70,"column":25},"end":{"line":70,"column":35}}]},"10":{"line":80,"type":"if","locations":[{"start":{"line":80,"column":4},"end":{"line":80,"column":4}},{"start":{"line":80,"column":4},"end":{"line":80,"column":4}}]},"11":{"line":103,"type":"binary-expr","locations":[{"start":{"line":103,"column":11},"end":{"line":103,"column":17}},{"start":{"line":104,"column":8},"end":{"line":104,"column":47}},{"start":{"line":105,"column":9},"end":{"line":105,"column":39}},{"start":{"line":105,"column":43},"end":{"line":105,"column":72}},{"start":{"line":106,"column":8},"end":{"line":106,"column":25}},{"start":{"line":107,"column":8},"end":{"line":107,"column":23}}]},"12":{"line":111,"type":"binary-expr","locations":[{"start":{"line":111,"column":11},"end":{"line":111,"column":46}},{"start":{"line":111,"column":50},"end":{"line":111,"column":86}}]}},"code":["'use strict';","","var BaseRenderer = require('power-assert-renderer-base');","var inherits = require('util').inherits;","var typeName = require('type-name');","var keys = require('core-js/library/fn/object/keys');","var forEach = require('core-js/library/fn/array/for-each');","var udiff = require('./lib/udiff');","var stringifier = require('stringifier');","var assign = require('core-js/library/fn/object/assign');","var defaultOptions = require('./lib/default-options');","var literalPattern = /^(?:String|Numeric|Null|Boolean|RegExp)?Literal$/;","","function isLiteral (node) {","    return literalPattern.test(node.type);","}","","/**"," * options.stringify [function]"," * options.maxDepth [number]"," * options.lineSeparator [string]"," * options.anonymous [string]"," * options.circular [string]"," * "," * options.diff [function]"," * options.lineDiffThreshold [number]"," */","function ComparisonRenderer (config) {","    BaseRenderer.call(this);","    this.config = assign({}, defaultOptions(), config);","    if (typeof this.config.stringify === 'function') {","        this.stringify = this.config.stringify;","    } else {","        this.stringify = stringifier(this.config);","    }","    if (typeof this.config.diff === 'function') {","        this.diff = this.config.diff;","    } else {","        this.diff = udiff(this.config);","    }","    this.espathToPair = {};","}","inherits(ComparisonRenderer, BaseRenderer);","","ComparisonRenderer.prototype.onData = function (esNode) {","    var pair;","    if (!esNode.isCaptured) {","        if (isTargetBinaryExpression(esNode.parent) && isLiteral(esNode.node)) {","            this.espathToPair[esNode.parent.espath][esNode.key] = {code: esNode.code, value: esNode.value};","        }","        return;","    }","    if (isTargetBinaryExpression(esNode.parent)) {","        this.espathToPair[esNode.parent.espath][esNode.key] = {code: esNode.code, value: esNode.value};","    }","    if (isTargetBinaryExpression(esNode)) {","        pair = {","            operator: esNode.node.operator,","            value: esNode.value","        };","        this.espathToPair[esNode.espath] = pair;","    }","};","","ComparisonRenderer.prototype.onEnd = function () {","    var _this = this;","    var pairs = [];","    forEach(keys(this.espathToPair), function (espath) {","        var pair = _this.espathToPair[espath];","        if (pair.left && pair.right) {","            pairs.push(pair);","        }","    });","    forEach(pairs, function (pair) {","        _this.compare(pair);","    });","};","","ComparisonRenderer.prototype.compare = function (pair) {","    if (isStringDiffTarget(pair)) {","        this.showStringDiff(pair);","    } else {","        this.showExpectedAndActual(pair);","    }","};","","ComparisonRenderer.prototype.showExpectedAndActual = function (pair) {","    this.write('');","    this.write('[' + typeName(pair.right.value) + '] ' + pair.right.code);","    this.write('=> ' + this.stringify(pair.right.value));","    this.write('[' + typeName(pair.left.value)  + '] ' + pair.left.code);","    this.write('=> ' + this.stringify(pair.left.value));","};","","ComparisonRenderer.prototype.showStringDiff = function (pair) {","    this.write('');","    this.write('--- [string] ' + pair.right.code);","    this.write('+++ [string] ' + pair.left.code);","    this.write(this.diff(pair.right.value, pair.left.value, this.config));","};","","function isTargetBinaryExpression (esNode) {","    return esNode &&","        esNode.node.type === 'BinaryExpression' &&","        (esNode.node.operator === '===' || esNode.node.operator === '==') &&","        esNode.isCaptured &&","        !(esNode.value);","}","","function isStringDiffTarget(pair) {","    return typeof pair.left.value === 'string' && typeof pair.right.value === 'string';","}","","ComparisonRenderer.udiff = udiff;","module.exports = ComparisonRenderer;",""],"l":{"3":1,"4":1,"5":1,"6":1,"7":1,"8":1,"9":1,"10":1,"11":1,"12":1,"14":1,"15":0,"28":1,"29":0,"30":0,"31":0,"32":0,"34":0,"36":0,"37":0,"39":0,"41":0,"43":1,"45":1,"46":0,"47":0,"48":0,"49":0,"51":0,"53":0,"54":0,"56":0,"57":0,"61":0,"65":1,"66":0,"67":0,"68":0,"69":0,"70":0,"71":0,"74":0,"75":0,"79":1,"80":0,"81":0,"83":0,"87":1,"88":0,"89":0,"90":0,"91":0,"92":0,"95":1,"96":0,"97":0,"98":0,"99":0,"102":1,"103":0,"110":1,"111":0,"114":1,"115":1}},"/home/travis/build/npmtest/node-npmtest-power-assert/node_modules/power-assert-renderer-comparison/lib/udiff.js":{"path":"/home/travis/build/npmtest/node-npmtest-power-assert/node_modules/power-assert-renderer-comparison/lib/udiff.js","s":{"1":1,"2":1,"3":1,"4":0,"5":0,"6":0,"7":0,"8":0,"9":0,"10":1,"11":0,"12":1,"13":0,"14":0,"15":0,"16":0,"17":0,"18":1,"19":0,"20":0,"21":0,"22":1},"b":{"1":[0,0],"2":[0,0]},"f":{"1":0,"2":0,"3":0,"4":0,"5":0},"fnMap":{"1":{"name":"udiff","line":6,"loc":{"start":{"line":6,"column":0},"end":{"line":6,"column":24}}},"2":{"name":"diff","line":7,"loc":{"start":{"line":7,"column":11},"end":{"line":7,"column":40}}},"3":{"name":"shouldUseLineLevelDiff","line":18,"loc":{"start":{"line":18,"column":0},"end":{"line":18,"column":47}}},"4":{"name":"udiffLines","line":22,"loc":{"start":{"line":22,"column":0},"end":{"line":22,"column":34}}},"5":{"name":"udiffChars","line":31,"loc":{"start":{"line":31,"column":0},"end":{"line":31,"column":35}}}},"statementMap":{"1":{"start":{"line":3,"column":0},"end":{"line":3,"column":49}},"2":{"start":{"line":4,"column":0},"end":{"line":4,"column":31}},"3":{"start":{"line":6,"column":0},"end":{"line":16,"column":1}},"4":{"start":{"line":7,"column":4},"end":{"line":15,"column":6}},"5":{"start":{"line":8,"column":8},"end":{"line":8,"column":18}},"6":{"start":{"line":9,"column":8},"end":{"line":13,"column":9}},"7":{"start":{"line":10,"column":12},"end":{"line":10,"column":45}},"8":{"start":{"line":12,"column":12},"end":{"line":12,"column":45}},"9":{"start":{"line":14,"column":8},"end":{"line":14,"column":41}},"10":{"start":{"line":18,"column":0},"end":{"line":20,"column":1}},"11":{"start":{"line":19,"column":4},"end":{"line":19,"column":70}},"12":{"start":{"line":22,"column":0},"end":{"line":29,"column":1}},"13":{"start":{"line":24,"column":4},"end":{"line":24,"column":49}},"14":{"start":{"line":25,"column":4},"end":{"line":25,"column":57}},"15":{"start":{"line":26,"column":4},"end":{"line":26,"column":47}},"16":{"start":{"line":27,"column":4},"end":{"line":27,"column":36}},"17":{"start":{"line":28,"column":4},"end":{"line":28,"column":58}},"18":{"start":{"line":31,"column":0},"end":{"line":36,"column":1}},"19":{"start":{"line":33,"column":4},"end":{"line":33,"column":51}},"20":{"start":{"line":34,"column":4},"end":{"line":34,"column":36}},"21":{"start":{"line":35,"column":4},"end":{"line":35,"column":58}},"22":{"start":{"line":38,"column":0},"end":{"line":38,"column":23}}},"branchMap":{"1":{"line":9,"type":"if","locations":[{"start":{"line":9,"column":8},"end":{"line":9,"column":8}},{"start":{"line":9,"column":8},"end":{"line":9,"column":8}}]},"2":{"line":9,"type":"binary-expr","locations":[{"start":{"line":9,"column":12},"end":{"line":9,"column":18}},{"start":{"line":9,"column":22},"end":{"line":9,"column":59}}]}},"code":["'use strict';","","var DiffMatchPatch = require('diff-match-patch');","var dmp = new DiffMatchPatch();","","function udiff (config) {","    return function diff (text1, text2) {","        var patch;","        if (config && shouldUseLineLevelDiff(text1, config)) {","            patch = udiffLines(text1, text2);","        } else {","            patch = udiffChars(text1, text2);","        }","        return decodeURIComponent(patch);","    };","}","","function shouldUseLineLevelDiff (text, config) {","    return config.lineDiffThreshold < text.split(/\\r\\n|\\r|\\n/).length;","}","","function udiffLines(text1, text2) {","    /*jshint camelcase: false */","    var a = dmp.diff_linesToChars_(text1, text2);","    var diffs = dmp.diff_main(a.chars1, a.chars2, false);","    dmp.diff_charsToLines_(diffs, a.lineArray);","    dmp.diff_cleanupSemantic(diffs);","    return dmp.patch_toText(dmp.patch_make(text1, diffs));","}","","function udiffChars (text1, text2) {","    /*jshint camelcase: false */","    var diffs = dmp.diff_main(text1, text2, false);","    dmp.diff_cleanupSemantic(diffs);","    return dmp.patch_toText(dmp.patch_make(text1, diffs));","}","","module.exports = udiff;",""],"l":{"3":1,"4":1,"6":1,"7":0,"8":0,"9":0,"10":0,"12":0,"14":0,"18":1,"19":0,"22":1,"24":0,"25":0,"26":0,"27":0,"28":0,"31":1,"33":0,"34":0,"35":0,"38":1}},"/home/travis/build/npmtest/node-npmtest-power-assert/node_modules/power-assert-renderer-comparison/lib/default-options.js":{"path":"/home/travis/build/npmtest/node-npmtest-power-assert/node_modules/power-assert-renderer-comparison/lib/default-options.js","s":{"1":1,"2":0},"b":{},"f":{"1":0},"fnMap":{"1":{"name":"defaultOptions","line":3,"loc":{"start":{"line":3,"column":17},"end":{"line":3,"column":44}}}},"statementMap":{"1":{"start":{"line":3,"column":0},"end":{"line":13,"column":2}},"2":{"start":{"line":4,"column":4},"end":{"line":12,"column":6}}},"branchMap":{},"code":["'use strict';","","module.exports = function defaultOptions () {","    return {","        lineDiffThreshold: 5,","        maxDepth: 2,","        indent: null,","        outputOffset: 2,","        anonymous: 'Object',","        circular: '#@Circular#',","        lineSeparator: '\\n'","    };","};",""],"l":{"3":1,"4":0}},"/home/travis/build/npmtest/node-npmtest-power-assert/node_modules/power-assert-formatter/lib/default-options.js":{"path":"/home/travis/build/npmtest/node-npmtest-power-assert/node_modules/power-assert-formatter/lib/default-options.js","s":{"1":1,"2":1},"b":{},"f":{"1":1},"fnMap":{"1":{"name":"defaultOptions","line":3,"loc":{"start":{"line":3,"column":17},"end":{"line":3,"column":44}}}},"statementMap":{"1":{"start":{"line":3,"column":0},"end":{"line":19,"column":2}},"2":{"start":{"line":4,"column":4},"end":{"line":18,"column":6}}},"branchMap":{},"code":["'use strict';","","module.exports = function defaultOptions () {","    return {","        lineDiffThreshold: 5,","        maxDepth: 1,","        outputOffset: 2,","        anonymous: 'Object',","        circular: '#@Circular#',","        lineSeparator: '\\n',","        ambiguousEastAsianCharWidth: 2,","        renderers: [","            './built-in/file',","            './built-in/assertion',","            './built-in/diagram',","            './built-in/binary-expression'","        ]","    };","};",""],"l":{"3":1,"4":1}}}